  [1m[36m (0.8ms)[0m  [1mCREATE TABLE "schema_migrations" ("version" varchar(255) NOT NULL) [0m
  [1m[35m (0.1ms)[0m  select sqlite_version(*)
  [1m[36m (0.8ms)[0m  [1mCREATE UNIQUE INDEX "unique_schema_migrations" ON "schema_migrations" ("version")[0m
  [1m[35mActiveRecord::SchemaMigration Load (0.1ms)[0m  SELECT "schema_migrations".* FROM "schema_migrations"
Migrating to CreateStocks (20140724105549)
  [1m[36m (0.1ms)[0m  [1mbegin transaction[0m
  [1m[35m (0.3ms)[0m  CREATE TABLE "stocks" ("id" INTEGER PRIMARY KEY AUTOINCREMENT NOT NULL, "title" varchar(255), "description" text, "image_url" varchar(255), "price" varchar(255), "created_at" datetime, "updated_at" datetime) 
  [1m[36mSQL (0.1ms)[0m  [1mINSERT INTO "schema_migrations" ("version") VALUES (?)[0m  [["version", "20140724105549"]]
  [1m[35m (0.6ms)[0m  commit transaction
  [1m[36mActiveRecord::SchemaMigration Load (0.1ms)[0m  [1mSELECT "schema_migrations".* FROM "schema_migrations"[0m


Started GET "/" for 127.0.0.1 at 2014-07-24 13:59:46 +0300
  [1m[36mActiveRecord::SchemaMigration Load (0.1ms)[0m  [1mSELECT "schema_migrations".* FROM "schema_migrations"[0m
Processing by Rails::WelcomeController#index as HTML
  Rendered /Users/burakicel/.rvm/gems/ruby-2.1.1/gems/railties-4.1.1/lib/rails/templates/rails/welcome/index.html.erb (1.4ms)
Completed 200 OK in 16ms (Views: 8.5ms | ActiveRecord: 0.0ms)


Started GET "/stock/" for 127.0.0.1 at 2014-07-24 14:00:00 +0300

ActionController::RoutingError (No route matches [GET] "/stock"):
  actionpack (4.1.1) lib/action_dispatch/middleware/debug_exceptions.rb:21:in `call'
  actionpack (4.1.1) lib/action_dispatch/middleware/show_exceptions.rb:30:in `call'
  railties (4.1.1) lib/rails/rack/logger.rb:38:in `call_app'
  railties (4.1.1) lib/rails/rack/logger.rb:20:in `block in call'
  activesupport (4.1.1) lib/active_support/tagged_logging.rb:68:in `block in tagged'
  activesupport (4.1.1) lib/active_support/tagged_logging.rb:26:in `tagged'
  activesupport (4.1.1) lib/active_support/tagged_logging.rb:68:in `tagged'
  railties (4.1.1) lib/rails/rack/logger.rb:20:in `call'
  actionpack (4.1.1) lib/action_dispatch/middleware/request_id.rb:21:in `call'
  rack (1.5.2) lib/rack/methodoverride.rb:21:in `call'
  rack (1.5.2) lib/rack/runtime.rb:17:in `call'
  activesupport (4.1.1) lib/active_support/cache/strategy/local_cache_middleware.rb:26:in `call'
  rack (1.5.2) lib/rack/lock.rb:17:in `call'
  actionpack (4.1.1) lib/action_dispatch/middleware/static.rb:64:in `call'
  rack (1.5.2) lib/rack/sendfile.rb:112:in `call'
  railties (4.1.1) lib/rails/engine.rb:514:in `call'
  railties (4.1.1) lib/rails/application.rb:144:in `call'
  rack (1.5.2) lib/rack/lock.rb:17:in `call'
  rack (1.5.2) lib/rack/content_length.rb:14:in `call'
  rack (1.5.2) lib/rack/handler/webrick.rb:60:in `service'
  /Users/burakicel/.rvm/rubies/ruby-2.1.1/lib/ruby/2.1.0/webrick/httpserver.rb:138:in `service'
  /Users/burakicel/.rvm/rubies/ruby-2.1.1/lib/ruby/2.1.0/webrick/httpserver.rb:94:in `run'
  /Users/burakicel/.rvm/rubies/ruby-2.1.1/lib/ruby/2.1.0/webrick/server.rb:295:in `block in start_thread'


  Rendered /Users/burakicel/.rvm/gems/ruby-2.1.1/gems/actionpack-4.1.1/lib/action_dispatch/middleware/templates/rescues/_trace.html.erb (0.9ms)
  Rendered /Users/burakicel/.rvm/gems/ruby-2.1.1/gems/actionpack-4.1.1/lib/action_dispatch/middleware/templates/routes/_route.html.erb (1.0ms)
  Rendered /Users/burakicel/.rvm/gems/ruby-2.1.1/gems/actionpack-4.1.1/lib/action_dispatch/middleware/templates/routes/_table.html.erb (7.6ms)
  Rendered /Users/burakicel/.rvm/gems/ruby-2.1.1/gems/actionpack-4.1.1/lib/action_dispatch/middleware/templates/rescues/routing_error.html.erb within rescues/layout (27.0ms)


Started GET "/stocks/" for 127.0.0.1 at 2014-07-24 14:00:02 +0300
Processing by StocksController#index as HTML
  [1m[35mStock Load (0.1ms)[0m  SELECT "stocks".* FROM "stocks"
  Rendered stocks/index.html.erb within layouts/application (1.2ms)
Completed 200 OK in 711ms (Views: 709.0ms | ActiveRecord: 0.1ms)


Started GET "/assets/scaffolds.css?body=1" for 127.0.0.1 at 2014-07-24 14:00:03 +0300


Started GET "/assets/stocks.css?body=1" for 127.0.0.1 at 2014-07-24 14:00:03 +0300


Started GET "/assets/application.css?body=1" for 127.0.0.1 at 2014-07-24 14:00:03 +0300


Started GET "/assets/jquery.js?body=1" for 127.0.0.1 at 2014-07-24 14:00:03 +0300


Started GET "/assets/stocks.js?body=1" for 127.0.0.1 at 2014-07-24 14:00:03 +0300


Started GET "/assets/application.js?body=1" for 127.0.0.1 at 2014-07-24 14:00:03 +0300


Started GET "/assets/jquery_ujs.js?body=1" for 127.0.0.1 at 2014-07-24 14:00:03 +0300


Started GET "/assets/turbolinks.js?body=1" for 127.0.0.1 at 2014-07-24 14:00:03 +0300


Started GET "/stocks/new" for 127.0.0.1 at 2014-07-24 14:00:56 +0300
Processing by StocksController#new as HTML
  Rendered stocks/_form.html.erb (14.8ms)
  Rendered stocks/new.html.erb within layouts/application (16.3ms)
Completed 200 OK in 22ms (Views: 20.3ms | ActiveRecord: 0.3ms)


Started GET "/stocks/new" for 127.0.0.1 at 2014-07-24 14:01:28 +0300
Processing by StocksController#new as HTML
  Rendered stocks/_form.html.erb (2.8ms)
  Rendered stocks/new.html.erb within layouts/application (3.7ms)
Completed 200 OK in 7ms (Views: 6.9ms | ActiveRecord: 0.0ms)


Started GET "/assets/scaffolds.css?body=1" for 127.0.0.1 at 2014-07-24 14:01:28 +0300


Started GET "/assets/stocks.js?body=1" for 127.0.0.1 at 2014-07-24 14:01:28 +0300


Started GET "/assets/jquery.js?body=1" for 127.0.0.1 at 2014-07-24 14:01:28 +0300


Started GET "/assets/application.css?body=1" for 127.0.0.1 at 2014-07-24 14:01:28 +0300


Started GET "/assets/stocks.css?body=1" for 127.0.0.1 at 2014-07-24 14:01:28 +0300


Started GET "/assets/jquery_ujs.js?body=1" for 127.0.0.1 at 2014-07-24 14:01:28 +0300


Started GET "/assets/turbolinks.js?body=1" for 127.0.0.1 at 2014-07-24 14:01:28 +0300


Started GET "/assets/application.js?body=1" for 127.0.0.1 at 2014-07-24 14:01:28 +0300


Started POST "/stocks" for 127.0.0.1 at 2014-07-24 14:02:42 +0300
Processing by StocksController#create as HTML
  Parameters: {"utf8"=>"✓", "authenticity_token"=>"4kEiTOoyuMQ15EiDkz5q5d70kRHAqR+S0fupB4/KHhs=", "stock"=>{"title"=>"RSI", "description"=>"RSI is an oil distribution company.", "image_url"=>"rsi.jpg", "price"=>"$31.21$31.20"}, "commit"=>"Create Stock"}
  [1m[36m (0.1ms)[0m  [1mbegin transaction[0m
  [1m[35mSQL (0.3ms)[0m  INSERT INTO "stocks" ("created_at", "description", "image_url", "price", "title", "updated_at") VALUES (?, ?, ?, ?, ?, ?)  [["created_at", "2014-07-24 11:02:42.665790"], ["description", "RSI is an oil distribution company."], ["image_url", "rsi.jpg"], ["price", "$31.21$31.20"], ["title", "RSI"], ["updated_at", "2014-07-24 11:02:42.665790"]]
  [1m[36m (0.6ms)[0m  [1mcommit transaction[0m
Redirected to http://localhost:3000/stocks/1
Completed 302 Found in 6ms (ActiveRecord: 0.9ms)


Started GET "/stocks/1" for 127.0.0.1 at 2014-07-24 14:02:42 +0300
Processing by StocksController#show as HTML
  Parameters: {"id"=>"1"}
  [1m[35mStock Load (0.2ms)[0m  SELECT  "stocks".* FROM "stocks"  WHERE "stocks"."id" = ? LIMIT 1  [["id", 1]]
  Rendered stocks/show.html.erb within layouts/application (0.8ms)
Completed 200 OK in 6ms (Views: 4.2ms | ActiveRecord: 0.2ms)


Started GET "/assets/scaffolds.css?body=1" for 127.0.0.1 at 2014-07-24 14:02:42 +0300


Started GET "/assets/stocks.css?body=1" for 127.0.0.1 at 2014-07-24 14:02:42 +0300


Started GET "/assets/jquery.js?body=1" for 127.0.0.1 at 2014-07-24 14:02:42 +0300


Started GET "/assets/stocks.js?body=1" for 127.0.0.1 at 2014-07-24 14:02:42 +0300


Started GET "/assets/application.css?body=1" for 127.0.0.1 at 2014-07-24 14:02:42 +0300


Started GET "/assets/turbolinks.js?body=1" for 127.0.0.1 at 2014-07-24 14:02:42 +0300


Started GET "/assets/application.js?body=1" for 127.0.0.1 at 2014-07-24 14:02:42 +0300


Started GET "/assets/jquery_ujs.js?body=1" for 127.0.0.1 at 2014-07-24 14:02:42 +0300


Started GET "/stocks" for 127.0.0.1 at 2014-07-24 14:02:44 +0300
Processing by StocksController#index as HTML
  [1m[36mStock Load (0.1ms)[0m  [1mSELECT "stocks".* FROM "stocks"[0m
  Rendered stocks/index.html.erb within layouts/application (1.6ms)
Completed 200 OK in 6ms (Views: 4.9ms | ActiveRecord: 0.1ms)


Started GET "/stocks" for 127.0.0.1 at 2014-07-24 15:04:17 +0300
Processing by StocksController#index as HTML
  [1m[35mStock Load (0.1ms)[0m  SELECT "stocks".* FROM "stocks"
  Rendered stocks/index.html.erb within layouts/application (1.0ms)
Completed 200 OK in 5ms (Views: 4.2ms | ActiveRecord: 0.1ms)


Started GET "/assets/scaffolds.css?body=1" for 127.0.0.1 at 2014-07-24 15:04:17 +0300


Started GET "/assets/application.css?body=1" for 127.0.0.1 at 2014-07-24 15:04:17 +0300


Started GET "/assets/stocks.js?body=1" for 127.0.0.1 at 2014-07-24 15:04:17 +0300


Started GET "/assets/turbolinks.js?body=1" for 127.0.0.1 at 2014-07-24 15:04:17 +0300


Started GET "/assets/jquery_ujs.js?body=1" for 127.0.0.1 at 2014-07-24 15:04:17 +0300


Started GET "/assets/stocks.css?body=1" for 127.0.0.1 at 2014-07-24 15:04:17 +0300


Started GET "/assets/jquery.js?body=1" for 127.0.0.1 at 2014-07-24 15:04:17 +0300


Started GET "/assets/application.js?body=1" for 127.0.0.1 at 2014-07-24 15:04:17 +0300


Started GET "/stocks/1/edit" for 127.0.0.1 at 2014-07-24 15:04:19 +0300
Processing by StocksController#edit as HTML
  Parameters: {"id"=>"1"}
  [1m[36mStock Load (0.1ms)[0m  [1mSELECT  "stocks".* FROM "stocks"  WHERE "stocks"."id" = ? LIMIT 1[0m  [["id", 1]]
  Rendered stocks/_form.html.erb (3.0ms)
  Rendered stocks/edit.html.erb within layouts/application (4.3ms)
Completed 200 OK in 9ms (Views: 7.8ms | ActiveRecord: 0.1ms)


Started PATCH "/stocks/1" for 127.0.0.1 at 2014-07-24 15:04:29 +0300
Processing by StocksController#update as HTML
  Parameters: {"utf8"=>"✓", "authenticity_token"=>"4kEiTOoyuMQ15EiDkz5q5d70kRHAqR+S0fupB4/KHhs=", "stock"=>{"title"=>"RSI", "description"=>"RSI is an oil distribution company.", "image_url"=>"rsi.jpg", "price"=>"$31.21$31.20$31.25"}, "commit"=>"Update Stock", "id"=>"1"}
  [1m[35mStock Load (0.1ms)[0m  SELECT  "stocks".* FROM "stocks"  WHERE "stocks"."id" = ? LIMIT 1  [["id", 1]]
  [1m[36m (0.0ms)[0m  [1mbegin transaction[0m
  [1m[35mSQL (0.2ms)[0m  UPDATE "stocks" SET "price" = ?, "updated_at" = ? WHERE "stocks"."id" = 1  [["price", "$31.21$31.20$31.25"], ["updated_at", "2014-07-24 12:04:29.253539"]]
  [1m[36m (0.6ms)[0m  [1mcommit transaction[0m
Redirected to http://localhost:3000/stocks/1
Completed 302 Found in 4ms (ActiveRecord: 0.9ms)


Started GET "/stocks/1" for 127.0.0.1 at 2014-07-24 15:04:29 +0300
Processing by StocksController#show as HTML
  Parameters: {"id"=>"1"}
  [1m[35mStock Load (0.1ms)[0m  SELECT  "stocks".* FROM "stocks"  WHERE "stocks"."id" = ? LIMIT 1  [["id", 1]]
  Rendered stocks/show.html.erb within layouts/application (0.4ms)
Completed 200 OK in 5ms (Views: 3.9ms | ActiveRecord: 0.1ms)


Started GET "/assets/application.css?body=1" for 127.0.0.1 at 2014-07-24 15:04:29 +0300


Started GET "/assets/turbolinks.js?body=1" for 127.0.0.1 at 2014-07-24 15:04:29 +0300


Started GET "/assets/scaffolds.css?body=1" for 127.0.0.1 at 2014-07-24 15:04:29 +0300


Started GET "/assets/jquery_ujs.js?body=1" for 127.0.0.1 at 2014-07-24 15:04:29 +0300


Started GET "/assets/stocks.css?body=1" for 127.0.0.1 at 2014-07-24 15:04:29 +0300


Started GET "/assets/jquery.js?body=1" for 127.0.0.1 at 2014-07-24 15:04:29 +0300


Started GET "/assets/stocks.js?body=1" for 127.0.0.1 at 2014-07-24 15:04:29 +0300


Started GET "/assets/application.js?body=1" for 127.0.0.1 at 2014-07-24 15:04:29 +0300


Started GET "/stocks" for 127.0.0.1 at 2014-07-24 15:04:31 +0300
Processing by StocksController#index as HTML
  [1m[36mStock Load (0.1ms)[0m  [1mSELECT "stocks".* FROM "stocks"[0m
  Rendered stocks/index.html.erb within layouts/application (1.1ms)
Completed 200 OK in 6ms (Views: 5.2ms | ActiveRecord: 0.1ms)


Started GET "/stocks" for 127.0.0.1 at 2014-07-24 15:15:04 +0300
  [1m[36mActiveRecord::SchemaMigration Load (0.1ms)[0m  [1mSELECT "schema_migrations".* FROM "schema_migrations"[0m
Processing by StocksController#index as HTML
  [1m[35mStock Load (0.1ms)[0m  SELECT "stocks".* FROM "stocks"
  Rendered stocks/index.html.erb within layouts/application (6.3ms)
Completed 200 OK in 55ms (Views: 46.3ms | ActiveRecord: 0.3ms)


Started GET "/assets/scaffolds.css?body=1" for 127.0.0.1 at 2014-07-24 15:15:05 +0300


Started GET "/assets/stocks.css?body=1" for 127.0.0.1 at 2014-07-24 15:15:05 +0300


Started GET "/assets/application.css?body=1" for 127.0.0.1 at 2014-07-24 15:15:05 +0300


Started GET "/assets/jquery.js?body=1" for 127.0.0.1 at 2014-07-24 15:15:05 +0300


Started GET "/assets/stocks.js?body=1" for 127.0.0.1 at 2014-07-24 15:15:05 +0300


Started GET "/assets/turbolinks.js?body=1" for 127.0.0.1 at 2014-07-24 15:15:05 +0300


Started GET "/assets/application.js?body=1" for 127.0.0.1 at 2014-07-24 15:15:05 +0300


Started GET "/assets/jquery_ujs.js?body=1" for 127.0.0.1 at 2014-07-24 15:15:05 +0300


Started GET "/stocks/new" for 127.0.0.1 at 2014-07-24 15:15:08 +0300
Processing by StocksController#new as HTML
  Rendered stocks/_form.html.erb (10.7ms)
  Rendered stocks/new.html.erb within layouts/application (13.3ms)
Completed 200 OK in 17ms (Views: 16.6ms | ActiveRecord: 0.0ms)


Started GET "/stocks" for 127.0.0.1 at 2014-07-24 15:18:37 +0300
Processing by StocksController#index as HTML
  [1m[36mStock Load (0.1ms)[0m  [1mSELECT "stocks".* FROM "stocks"[0m
  Rendered stocks/index.html.erb within layouts/application (0.9ms)
Completed 200 OK in 5ms (Views: 4.3ms | ActiveRecord: 0.1ms)


Started GET "/assets/scaffolds.css?body=1" for 127.0.0.1 at 2014-07-24 15:18:37 +0300


Started GET "/assets/stocks.js?body=1" for 127.0.0.1 at 2014-07-24 15:18:37 +0300


Started GET "/assets/turbolinks.js?body=1" for 127.0.0.1 at 2014-07-24 15:18:37 +0300


Started GET "/assets/jquery_ujs.js?body=1" for 127.0.0.1 at 2014-07-24 15:18:37 +0300


Started GET "/assets/application.css?body=1" for 127.0.0.1 at 2014-07-24 15:18:37 +0300


Started GET "/assets/stocks.css?body=1" for 127.0.0.1 at 2014-07-24 15:18:37 +0300


Started GET "/assets/application.js?body=1" for 127.0.0.1 at 2014-07-24 15:18:37 +0300


Started GET "/assets/jquery.js?body=1" for 127.0.0.1 at 2014-07-24 15:18:37 +0300


Started GET "/stocks" for 127.0.0.1 at 2014-07-24 15:25:33 +0300
Processing by StocksController#index as HTML
  Rendered stocks/index.html.erb within layouts/application (2.8ms)
Completed 500 Internal Server Error in 5ms

ActionView::Template::Error (undefined method `each' for nil:NilClass):
    1: <h1>Listing Stocks</h1>
    2: <table>
    3: <% @stockss.each do |stock| %>
    4: <tr class="<%= cycle('list_line_odd', 'list_line_even') %>">
    5: <td>
    6: <%= image_tag(stock.image_url, class: 'list_image') %>
  app/views/stocks/index.html.erb:3:in `_app_views_stocks_index_html_erb___1102202615455169299_2207208900'


  Rendered /Users/burakicel/.rvm/gems/ruby-2.1.1/gems/actionpack-4.1.1/lib/action_dispatch/middleware/templates/rescues/_trace.html.erb (1.1ms)
  Rendered /Users/burakicel/.rvm/gems/ruby-2.1.1/gems/actionpack-4.1.1/lib/action_dispatch/middleware/templates/rescues/_request_and_response.html.erb (0.7ms)
  Rendered /Users/burakicel/.rvm/gems/ruby-2.1.1/gems/actionpack-4.1.1/lib/action_dispatch/middleware/templates/rescues/template_error.html.erb within rescues/layout (11.5ms)


Started GET "/stocks" for 127.0.0.1 at 2014-07-24 15:25:43 +0300
Processing by StocksController#index as HTML
  [1m[35mStock Load (0.1ms)[0m  SELECT "stocks".* FROM "stocks"
  Rendered stocks/index.html.erb within layouts/application (15.7ms)
Completed 500 Internal Server Error in 17ms

ActionView::Template::Error (undefined method `edit_product_path' for #<#<Class:0x000001034871d8>:0x00000107039028>):
    14: </td>
    15: <td class="list_actions">
    16: <%= link_to 'Show', stock %><br/>
    17: <%= link_to 'Edit', edit_product_path(stock) %><br/>
    18: <%= link_to 'Destroy', stock,
    19: confirm: 'Are you sure?',
    20: method: :delete %>
  app/views/stocks/index.html.erb:17:in `block in _app_views_stocks_index_html_erb___1102202615455169299_2206309280'
  app/views/stocks/index.html.erb:3:in `_app_views_stocks_index_html_erb___1102202615455169299_2206309280'


  Rendered /Users/burakicel/.rvm/gems/ruby-2.1.1/gems/actionpack-4.1.1/lib/action_dispatch/middleware/templates/rescues/_trace.html.erb (1.1ms)
  Rendered /Users/burakicel/.rvm/gems/ruby-2.1.1/gems/actionpack-4.1.1/lib/action_dispatch/middleware/templates/rescues/_request_and_response.html.erb (0.9ms)
  Rendered /Users/burakicel/.rvm/gems/ruby-2.1.1/gems/actionpack-4.1.1/lib/action_dispatch/middleware/templates/rescues/template_error.html.erb within rescues/layout (9.6ms)


Started GET "/stocks" for 127.0.0.1 at 2014-07-24 15:25:54 +0300
Processing by StocksController#index as HTML
  [1m[36mStock Load (0.1ms)[0m  [1mSELECT "stocks".* FROM "stocks"[0m
  Rendered stocks/index.html.erb within layouts/application (4.9ms)
Completed 200 OK in 9ms (Views: 8.1ms | ActiveRecord: 0.1ms)


Started GET "/assets/scaffolds.css?body=1" for 127.0.0.1 at 2014-07-24 15:25:54 +0300


Started GET "/assets/stocks.css?body=1" for 127.0.0.1 at 2014-07-24 15:25:54 +0300


Started GET "/assets/stocks.js?body=1" for 127.0.0.1 at 2014-07-24 15:25:54 +0300


Started GET "/assets/jquery.js?body=1" for 127.0.0.1 at 2014-07-24 15:25:54 +0300


Started GET "/assets/application.js?body=1" for 127.0.0.1 at 2014-07-24 15:25:54 +0300


Started GET "/assets/turbolinks.js?body=1" for 127.0.0.1 at 2014-07-24 15:25:54 +0300


Started GET "/assets/application.css?body=1" for 127.0.0.1 at 2014-07-24 15:25:54 +0300


Started GET "/assets/jquery_ujs.js?body=1" for 127.0.0.1 at 2014-07-24 15:25:54 +0300


Started GET "/images/rsi.jpg" for 127.0.0.1 at 2014-07-24 15:25:54 +0300

ActionController::RoutingError (No route matches [GET] "/images/rsi.jpg"):
  actionpack (4.1.1) lib/action_dispatch/middleware/debug_exceptions.rb:21:in `call'
  actionpack (4.1.1) lib/action_dispatch/middleware/show_exceptions.rb:30:in `call'
  railties (4.1.1) lib/rails/rack/logger.rb:38:in `call_app'
  railties (4.1.1) lib/rails/rack/logger.rb:20:in `block in call'
  activesupport (4.1.1) lib/active_support/tagged_logging.rb:68:in `block in tagged'
  activesupport (4.1.1) lib/active_support/tagged_logging.rb:26:in `tagged'
  activesupport (4.1.1) lib/active_support/tagged_logging.rb:68:in `tagged'
  railties (4.1.1) lib/rails/rack/logger.rb:20:in `call'
  actionpack (4.1.1) lib/action_dispatch/middleware/request_id.rb:21:in `call'
  rack (1.5.2) lib/rack/methodoverride.rb:21:in `call'
  rack (1.5.2) lib/rack/runtime.rb:17:in `call'
  activesupport (4.1.1) lib/active_support/cache/strategy/local_cache_middleware.rb:26:in `call'
  rack (1.5.2) lib/rack/lock.rb:17:in `call'
  actionpack (4.1.1) lib/action_dispatch/middleware/static.rb:64:in `call'
  rack (1.5.2) lib/rack/sendfile.rb:112:in `call'
  railties (4.1.1) lib/rails/engine.rb:514:in `call'
  railties (4.1.1) lib/rails/application.rb:144:in `call'
  rack (1.5.2) lib/rack/lock.rb:17:in `call'
  rack (1.5.2) lib/rack/content_length.rb:14:in `call'
  rack (1.5.2) lib/rack/handler/webrick.rb:60:in `service'
  /Users/burakicel/.rvm/rubies/ruby-2.1.1/lib/ruby/2.1.0/webrick/httpserver.rb:138:in `service'
  /Users/burakicel/.rvm/rubies/ruby-2.1.1/lib/ruby/2.1.0/webrick/httpserver.rb:94:in `run'
  /Users/burakicel/.rvm/rubies/ruby-2.1.1/lib/ruby/2.1.0/webrick/server.rb:295:in `block in start_thread'


  Rendered /Users/burakicel/.rvm/gems/ruby-2.1.1/gems/actionpack-4.1.1/lib/action_dispatch/middleware/templates/rescues/_trace.html.erb (1.0ms)
  Rendered /Users/burakicel/.rvm/gems/ruby-2.1.1/gems/actionpack-4.1.1/lib/action_dispatch/middleware/templates/routes/_route.html.erb (0.9ms)
  Rendered /Users/burakicel/.rvm/gems/ruby-2.1.1/gems/actionpack-4.1.1/lib/action_dispatch/middleware/templates/routes/_table.html.erb (1.8ms)
  Rendered /Users/burakicel/.rvm/gems/ruby-2.1.1/gems/actionpack-4.1.1/lib/action_dispatch/middleware/templates/rescues/routing_error.html.erb within rescues/layout (16.8ms)


Started GET "/stocks/new" for 127.0.0.1 at 2014-07-24 15:25:58 +0300
Processing by StocksController#new as HTML
  Rendered stocks/_form.html.erb (3.1ms)
  Rendered stocks/new.html.erb within layouts/application (4.0ms)
Completed 200 OK in 8ms (Views: 7.6ms | ActiveRecord: 0.0ms)


Started POST "/stocks" for 127.0.0.1 at 2014-07-24 15:26:20 +0300
Processing by StocksController#create as HTML
  Parameters: {"utf8"=>"✓", "authenticity_token"=>"4kEiTOoyuMQ15EiDkz5q5d70kRHAqR+S0fupB4/KHhs=", "stock"=>{"title"=>"OIL", "description"=>"OIL Barrels.", "image_url"=>"oil.jpg", "price"=>"$32.12"}, "commit"=>"Create Stock"}
  [1m[35m (0.1ms)[0m  begin transaction
  [1m[36mSQL (0.3ms)[0m  [1mINSERT INTO "stocks" ("created_at", "description", "image_url", "price", "title", "updated_at") VALUES (?, ?, ?, ?, ?, ?)[0m  [["created_at", "2014-07-24 12:26:20.992617"], ["description", "OIL Barrels."], ["image_url", "oil.jpg"], ["price", "$32.12"], ["title", "OIL"], ["updated_at", "2014-07-24 12:26:20.992617"]]
  [1m[35m (0.6ms)[0m  commit transaction
Redirected to http://localhost:3000/stocks/2
Completed 302 Found in 6ms (ActiveRecord: 0.9ms)


Started GET "/stocks/2" for 127.0.0.1 at 2014-07-24 15:26:21 +0300
Processing by StocksController#show as HTML
  Parameters: {"id"=>"2"}
  [1m[36mStock Load (0.1ms)[0m  [1mSELECT  "stocks".* FROM "stocks"  WHERE "stocks"."id" = ? LIMIT 1[0m  [["id", 2]]
  Rendered stocks/show.html.erb within layouts/application (0.7ms)
Completed 200 OK in 5ms (Views: 3.9ms | ActiveRecord: 0.1ms)


Started GET "/assets/stocks.css?body=1" for 127.0.0.1 at 2014-07-24 15:26:21 +0300


Started GET "/assets/jquery_ujs.js?body=1" for 127.0.0.1 at 2014-07-24 15:26:21 +0300


Started GET "/assets/application.css?body=1" for 127.0.0.1 at 2014-07-24 15:26:21 +0300


Started GET "/assets/jquery.js?body=1" for 127.0.0.1 at 2014-07-24 15:26:21 +0300


Started GET "/assets/scaffolds.css?body=1" for 127.0.0.1 at 2014-07-24 15:26:21 +0300


Started GET "/assets/turbolinks.js?body=1" for 127.0.0.1 at 2014-07-24 15:26:21 +0300


Started GET "/assets/stocks.js?body=1" for 127.0.0.1 at 2014-07-24 15:26:21 +0300


Started GET "/assets/application.js?body=1" for 127.0.0.1 at 2014-07-24 15:26:21 +0300


Started GET "/stocks" for 127.0.0.1 at 2014-07-24 15:26:22 +0300
Processing by StocksController#index as HTML
  [1m[35mStock Load (0.1ms)[0m  SELECT "stocks".* FROM "stocks"
  Rendered stocks/index.html.erb within layouts/application (8.0ms)
Completed 200 OK in 12ms (Views: 11.3ms | ActiveRecord: 0.1ms)


Started GET "/images/oil.jpg" for 127.0.0.1 at 2014-07-24 15:26:22 +0300

ActionController::RoutingError (No route matches [GET] "/images/oil.jpg"):
  actionpack (4.1.1) lib/action_dispatch/middleware/debug_exceptions.rb:21:in `call'
  actionpack (4.1.1) lib/action_dispatch/middleware/show_exceptions.rb:30:in `call'
  railties (4.1.1) lib/rails/rack/logger.rb:38:in `call_app'
  railties (4.1.1) lib/rails/rack/logger.rb:20:in `block in call'
  activesupport (4.1.1) lib/active_support/tagged_logging.rb:68:in `block in tagged'
  activesupport (4.1.1) lib/active_support/tagged_logging.rb:26:in `tagged'
  activesupport (4.1.1) lib/active_support/tagged_logging.rb:68:in `tagged'
  railties (4.1.1) lib/rails/rack/logger.rb:20:in `call'
  actionpack (4.1.1) lib/action_dispatch/middleware/request_id.rb:21:in `call'
  rack (1.5.2) lib/rack/methodoverride.rb:21:in `call'
  rack (1.5.2) lib/rack/runtime.rb:17:in `call'
  activesupport (4.1.1) lib/active_support/cache/strategy/local_cache_middleware.rb:26:in `call'
  rack (1.5.2) lib/rack/lock.rb:17:in `call'
  actionpack (4.1.1) lib/action_dispatch/middleware/static.rb:64:in `call'
  rack (1.5.2) lib/rack/sendfile.rb:112:in `call'
  railties (4.1.1) lib/rails/engine.rb:514:in `call'
  railties (4.1.1) lib/rails/application.rb:144:in `call'
  rack (1.5.2) lib/rack/lock.rb:17:in `call'
  rack (1.5.2) lib/rack/content_length.rb:14:in `call'
  rack (1.5.2) lib/rack/handler/webrick.rb:60:in `service'
  /Users/burakicel/.rvm/rubies/ruby-2.1.1/lib/ruby/2.1.0/webrick/httpserver.rb:138:in `service'
  /Users/burakicel/.rvm/rubies/ruby-2.1.1/lib/ruby/2.1.0/webrick/httpserver.rb:94:in `run'
  /Users/burakicel/.rvm/rubies/ruby-2.1.1/lib/ruby/2.1.0/webrick/server.rb:295:in `block in start_thread'


  Rendered /Users/burakicel/.rvm/gems/ruby-2.1.1/gems/actionpack-4.1.1/lib/action_dispatch/middleware/templates/rescues/_trace.html.erb (0.9ms)
  Rendered /Users/burakicel/.rvm/gems/ruby-2.1.1/gems/actionpack-4.1.1/lib/action_dispatch/middleware/templates/routes/_route.html.erb (1.1ms)
  Rendered /Users/burakicel/.rvm/gems/ruby-2.1.1/gems/actionpack-4.1.1/lib/action_dispatch/middleware/templates/routes/_table.html.erb (0.8ms)
  Rendered /Users/burakicel/.rvm/gems/ruby-2.1.1/gems/actionpack-4.1.1/lib/action_dispatch/middleware/templates/rescues/routing_error.html.erb within rescues/layout (14.6ms)


Started GET "/images/rsi.jpg" for 127.0.0.1 at 2014-07-24 15:26:22 +0300

ActionController::RoutingError (No route matches [GET] "/images/rsi.jpg"):
  actionpack (4.1.1) lib/action_dispatch/middleware/debug_exceptions.rb:21:in `call'
  actionpack (4.1.1) lib/action_dispatch/middleware/show_exceptions.rb:30:in `call'
  railties (4.1.1) lib/rails/rack/logger.rb:38:in `call_app'
  railties (4.1.1) lib/rails/rack/logger.rb:20:in `block in call'
  activesupport (4.1.1) lib/active_support/tagged_logging.rb:68:in `block in tagged'
  activesupport (4.1.1) lib/active_support/tagged_logging.rb:26:in `tagged'
  activesupport (4.1.1) lib/active_support/tagged_logging.rb:68:in `tagged'
  railties (4.1.1) lib/rails/rack/logger.rb:20:in `call'
  actionpack (4.1.1) lib/action_dispatch/middleware/request_id.rb:21:in `call'
  rack (1.5.2) lib/rack/methodoverride.rb:21:in `call'
  rack (1.5.2) lib/rack/runtime.rb:17:in `call'
  activesupport (4.1.1) lib/active_support/cache/strategy/local_cache_middleware.rb:26:in `call'
  rack (1.5.2) lib/rack/lock.rb:17:in `call'
  actionpack (4.1.1) lib/action_dispatch/middleware/static.rb:64:in `call'
  rack (1.5.2) lib/rack/sendfile.rb:112:in `call'
  railties (4.1.1) lib/rails/engine.rb:514:in `call'
  railties (4.1.1) lib/rails/application.rb:144:in `call'
  rack (1.5.2) lib/rack/lock.rb:17:in `call'
  rack (1.5.2) lib/rack/content_length.rb:14:in `call'
  rack (1.5.2) lib/rack/handler/webrick.rb:60:in `service'
  /Users/burakicel/.rvm/rubies/ruby-2.1.1/lib/ruby/2.1.0/webrick/httpserver.rb:138:in `service'
  /Users/burakicel/.rvm/rubies/ruby-2.1.1/lib/ruby/2.1.0/webrick/httpserver.rb:94:in `run'
  /Users/burakicel/.rvm/rubies/ruby-2.1.1/lib/ruby/2.1.0/webrick/server.rb:295:in `block in start_thread'


  Rendered /Users/burakicel/.rvm/gems/ruby-2.1.1/gems/actionpack-4.1.1/lib/action_dispatch/middleware/templates/rescues/_trace.html.erb (1.3ms)
  Rendered /Users/burakicel/.rvm/gems/ruby-2.1.1/gems/actionpack-4.1.1/lib/action_dispatch/middleware/templates/routes/_route.html.erb (0.9ms)
  Rendered /Users/burakicel/.rvm/gems/ruby-2.1.1/gems/actionpack-4.1.1/lib/action_dispatch/middleware/templates/routes/_table.html.erb (0.7ms)
  Rendered /Users/burakicel/.rvm/gems/ruby-2.1.1/gems/actionpack-4.1.1/lib/action_dispatch/middleware/templates/rescues/routing_error.html.erb within rescues/layout (14.2ms)


Started GET "/images/rsi.jpg" for 127.0.0.1 at 2014-07-24 15:26:41 +0300

ActionController::RoutingError (No route matches [GET] "/images/rsi.jpg"):
  actionpack (4.1.1) lib/action_dispatch/middleware/debug_exceptions.rb:21:in `call'
  actionpack (4.1.1) lib/action_dispatch/middleware/show_exceptions.rb:30:in `call'
  railties (4.1.1) lib/rails/rack/logger.rb:38:in `call_app'
  railties (4.1.1) lib/rails/rack/logger.rb:20:in `block in call'
  activesupport (4.1.1) lib/active_support/tagged_logging.rb:68:in `block in tagged'
  activesupport (4.1.1) lib/active_support/tagged_logging.rb:26:in `tagged'
  activesupport (4.1.1) lib/active_support/tagged_logging.rb:68:in `tagged'
  railties (4.1.1) lib/rails/rack/logger.rb:20:in `call'
  actionpack (4.1.1) lib/action_dispatch/middleware/request_id.rb:21:in `call'
  rack (1.5.2) lib/rack/methodoverride.rb:21:in `call'
  rack (1.5.2) lib/rack/runtime.rb:17:in `call'
  activesupport (4.1.1) lib/active_support/cache/strategy/local_cache_middleware.rb:26:in `call'
  rack (1.5.2) lib/rack/lock.rb:17:in `call'
  actionpack (4.1.1) lib/action_dispatch/middleware/static.rb:64:in `call'
  rack (1.5.2) lib/rack/sendfile.rb:112:in `call'
  railties (4.1.1) lib/rails/engine.rb:514:in `call'
  railties (4.1.1) lib/rails/application.rb:144:in `call'
  rack (1.5.2) lib/rack/lock.rb:17:in `call'
  rack (1.5.2) lib/rack/content_length.rb:14:in `call'
  rack (1.5.2) lib/rack/handler/webrick.rb:60:in `service'
  /Users/burakicel/.rvm/rubies/ruby-2.1.1/lib/ruby/2.1.0/webrick/httpserver.rb:138:in `service'
  /Users/burakicel/.rvm/rubies/ruby-2.1.1/lib/ruby/2.1.0/webrick/httpserver.rb:94:in `run'
  /Users/burakicel/.rvm/rubies/ruby-2.1.1/lib/ruby/2.1.0/webrick/server.rb:295:in `block in start_thread'


  Rendered /Users/burakicel/.rvm/gems/ruby-2.1.1/gems/actionpack-4.1.1/lib/action_dispatch/middleware/templates/rescues/_trace.html.erb (1.1ms)
  Rendered /Users/burakicel/.rvm/gems/ruby-2.1.1/gems/actionpack-4.1.1/lib/action_dispatch/middleware/templates/routes/_route.html.erb (1.0ms)
  Rendered /Users/burakicel/.rvm/gems/ruby-2.1.1/gems/actionpack-4.1.1/lib/action_dispatch/middleware/templates/routes/_table.html.erb (0.8ms)
  Rendered /Users/burakicel/.rvm/gems/ruby-2.1.1/gems/actionpack-4.1.1/lib/action_dispatch/middleware/templates/rescues/routing_error.html.erb within rescues/layout (15.5ms)


Started GET "/stocks" for 127.0.0.1 at 2014-07-24 15:28:03 +0300
Processing by StocksController#index as HTML
  [1m[36mStock Load (0.1ms)[0m  [1mSELECT "stocks".* FROM "stocks"[0m
  Rendered stocks/index.html.erb within layouts/application (5.4ms)
Completed 200 OK in 9ms (Views: 8.5ms | ActiveRecord: 0.1ms)


Started GET "/assets/scaffolds.css?body=1" for 127.0.0.1 at 2014-07-24 15:28:03 +0300


Started GET "/assets/stocks.css?body=1" for 127.0.0.1 at 2014-07-24 15:28:03 +0300


Started GET "/assets/stocks.js?body=1" for 127.0.0.1 at 2014-07-24 15:28:03 +0300


Started GET "/assets/application.css?body=1" for 127.0.0.1 at 2014-07-24 15:28:03 +0300


Started GET "/assets/jquery.js?body=1" for 127.0.0.1 at 2014-07-24 15:28:03 +0300


Started GET "/assets/jquery_ujs.js?body=1" for 127.0.0.1 at 2014-07-24 15:28:03 +0300


Started GET "/assets/application.js?body=1" for 127.0.0.1 at 2014-07-24 15:28:03 +0300


Started GET "/assets/turbolinks.js?body=1" for 127.0.0.1 at 2014-07-24 15:28:03 +0300


Started GET "/assets/oil.jpg" for 127.0.0.1 at 2014-07-24 15:28:03 +0300


Started GET "/assets/rsi.jpg" for 127.0.0.1 at 2014-07-24 15:28:03 +0300


Started GET "/stocks" for 127.0.0.1 at 2014-07-24 15:29:16 +0300
Processing by StocksController#index as HTML
  [1m[35mStock Load (0.1ms)[0m  SELECT "stocks".* FROM "stocks"
  Rendered stocks/index.html.erb within layouts/application (2.0ms)
Completed 200 OK in 6ms (Views: 5.1ms | ActiveRecord: 0.1ms)


Started GET "/assets/scaffolds.css?body=1" for 127.0.0.1 at 2014-07-24 15:29:16 +0300


Started GET "/assets/stocks.js?body=1" for 127.0.0.1 at 2014-07-24 15:29:16 +0300


Started GET "/assets/application.css?body=1" for 127.0.0.1 at 2014-07-24 15:29:16 +0300


Started GET "/assets/stocks.css?body=1" for 127.0.0.1 at 2014-07-24 15:29:16 +0300


Started GET "/assets/jquery.js?body=1" for 127.0.0.1 at 2014-07-24 15:29:16 +0300


Started GET "/assets/jquery_ujs.js?body=1" for 127.0.0.1 at 2014-07-24 15:29:16 +0300


Started GET "/assets/application.js?body=1" for 127.0.0.1 at 2014-07-24 15:29:16 +0300


Started GET "/assets/turbolinks.js?body=1" for 127.0.0.1 at 2014-07-24 15:29:16 +0300


Started GET "/stocks/2/edit" for 127.0.0.1 at 2014-07-24 15:29:52 +0300
Processing by StocksController#edit as HTML
  Parameters: {"id"=>"2"}
  [1m[36mStock Load (0.1ms)[0m  [1mSELECT  "stocks".* FROM "stocks"  WHERE "stocks"."id" = ? LIMIT 1[0m  [["id", 2]]
  Rendered stocks/_form.html.erb (2.3ms)
  Rendered stocks/edit.html.erb within layouts/application (3.4ms)
Completed 200 OK in 8ms (Views: 7.0ms | ActiveRecord: 0.1ms)


Started PATCH "/stocks/2" for 127.0.0.1 at 2014-07-24 15:30:09 +0300
Processing by StocksController#update as HTML
  Parameters: {"utf8"=>"✓", "authenticity_token"=>"4kEiTOoyuMQ15EiDkz5q5d70kRHAqR+S0fupB4/KHhs=", "stock"=>{"title"=>"OIL", "description"=>"OIL Barrels for sale.", "image_url"=>"oil.jpg", "price"=>"$32.12"}, "commit"=>"Update Stock", "id"=>"2"}
  [1m[35mStock Load (0.1ms)[0m  SELECT  "stocks".* FROM "stocks"  WHERE "stocks"."id" = ? LIMIT 1  [["id", 2]]
  [1m[36m (0.0ms)[0m  [1mbegin transaction[0m
  [1m[35mSQL (0.2ms)[0m  UPDATE "stocks" SET "description" = ?, "updated_at" = ? WHERE "stocks"."id" = 2  [["description", "OIL Barrels for sale."], ["updated_at", "2014-07-24 12:30:09.884823"]]
  [1m[36m (1.2ms)[0m  [1mcommit transaction[0m
Redirected to http://localhost:3000/stocks/2
Completed 302 Found in 5ms (ActiveRecord: 1.6ms)


Started GET "/stocks/2" for 127.0.0.1 at 2014-07-24 15:30:09 +0300
Processing by StocksController#show as HTML
  Parameters: {"id"=>"2"}
  [1m[35mStock Load (0.1ms)[0m  SELECT  "stocks".* FROM "stocks"  WHERE "stocks"."id" = ? LIMIT 1  [["id", 2]]
  Rendered stocks/show.html.erb within layouts/application (0.3ms)
Completed 200 OK in 5ms (Views: 3.6ms | ActiveRecord: 0.1ms)


Started GET "/assets/scaffolds.css?body=1" for 127.0.0.1 at 2014-07-24 15:30:09 +0300


Started GET "/assets/stocks.css?body=1" for 127.0.0.1 at 2014-07-24 15:30:09 +0300


Started GET "/assets/application.css?body=1" for 127.0.0.1 at 2014-07-24 15:30:09 +0300


Started GET "/assets/jquery.js?body=1" for 127.0.0.1 at 2014-07-24 15:30:09 +0300


Started GET "/assets/stocks.js?body=1" for 127.0.0.1 at 2014-07-24 15:30:09 +0300


Started GET "/assets/jquery_ujs.js?body=1" for 127.0.0.1 at 2014-07-24 15:30:09 +0300


Started GET "/assets/turbolinks.js?body=1" for 127.0.0.1 at 2014-07-24 15:30:09 +0300


Started GET "/assets/application.js?body=1" for 127.0.0.1 at 2014-07-24 15:30:09 +0300


Started GET "/stocks" for 127.0.0.1 at 2014-07-24 15:30:11 +0300
Processing by StocksController#index as HTML
  [1m[36mStock Load (0.1ms)[0m  [1mSELECT "stocks".* FROM "stocks"[0m
  Rendered stocks/index.html.erb within layouts/application (2.0ms)
Completed 200 OK in 6ms (Views: 5.1ms | ActiveRecord: 0.1ms)


Started GET "/stocks/2/edit" for 127.0.0.1 at 2014-07-24 15:30:14 +0300
Processing by StocksController#edit as HTML
  Parameters: {"id"=>"2"}
  [1m[35mStock Load (0.1ms)[0m  SELECT  "stocks".* FROM "stocks"  WHERE "stocks"."id" = ? LIMIT 1  [["id", 2]]
  Rendered stocks/_form.html.erb (3.0ms)
  Rendered stocks/edit.html.erb within layouts/application (3.8ms)
Completed 200 OK in 9ms (Views: 7.2ms | ActiveRecord: 0.1ms)


Started PATCH "/stocks/2" for 127.0.0.1 at 2014-07-24 15:30:20 +0300
Processing by StocksController#update as HTML
  Parameters: {"utf8"=>"✓", "authenticity_token"=>"4kEiTOoyuMQ15EiDkz5q5d70kRHAqR+S0fupB4/KHhs=", "stock"=>{"title"=>"OIL", "description"=>"OIL Barrels.", "image_url"=>"oil.jpg", "price"=>"$32.12"}, "commit"=>"Update Stock", "id"=>"2"}
  [1m[36mStock Load (0.1ms)[0m  [1mSELECT  "stocks".* FROM "stocks"  WHERE "stocks"."id" = ? LIMIT 1[0m  [["id", 2]]
  [1m[35m (0.0ms)[0m  begin transaction
  [1m[36mSQL (0.1ms)[0m  [1mUPDATE "stocks" SET "description" = ?, "updated_at" = ? WHERE "stocks"."id" = 2[0m  [["description", "OIL Barrels."], ["updated_at", "2014-07-24 12:30:20.208420"]]
  [1m[35m (1.1ms)[0m  commit transaction
Redirected to http://localhost:3000/stocks/2
Completed 302 Found in 4ms (ActiveRecord: 1.4ms)


Started GET "/stocks/2" for 127.0.0.1 at 2014-07-24 15:30:20 +0300
Processing by StocksController#show as HTML
  Parameters: {"id"=>"2"}
  [1m[36mStock Load (0.1ms)[0m  [1mSELECT  "stocks".* FROM "stocks"  WHERE "stocks"."id" = ? LIMIT 1[0m  [["id", 2]]
  Rendered stocks/show.html.erb within layouts/application (0.4ms)
Completed 200 OK in 4ms (Views: 3.6ms | ActiveRecord: 0.1ms)


Started GET "/assets/scaffolds.css?body=1" for 127.0.0.1 at 2014-07-24 15:30:20 +0300


Started GET "/assets/stocks.css?body=1" for 127.0.0.1 at 2014-07-24 15:30:20 +0300


Started GET "/assets/jquery.js?body=1" for 127.0.0.1 at 2014-07-24 15:30:20 +0300


Started GET "/assets/jquery_ujs.js?body=1" for 127.0.0.1 at 2014-07-24 15:30:20 +0300


Started GET "/assets/application.css?body=1" for 127.0.0.1 at 2014-07-24 15:30:20 +0300


Started GET "/assets/turbolinks.js?body=1" for 127.0.0.1 at 2014-07-24 15:30:20 +0300


Started GET "/assets/stocks.js?body=1" for 127.0.0.1 at 2014-07-24 15:30:20 +0300


Started GET "/assets/application.js?body=1" for 127.0.0.1 at 2014-07-24 15:30:20 +0300


Started GET "/stocks" for 127.0.0.1 at 2014-07-24 15:30:21 +0300
Processing by StocksController#index as HTML
  [1m[35mStock Load (0.1ms)[0m  SELECT "stocks".* FROM "stocks"
  Rendered stocks/index.html.erb within layouts/application (1.5ms)
Completed 200 OK in 5ms (Views: 4.6ms | ActiveRecord: 0.1ms)


Started GET "/stocks" for 127.0.0.1 at 2014-07-24 15:34:06 +0300
Processing by StocksController#index as HTML
  [1m[36mStock Load (0.3ms)[0m  [1mSELECT "stocks".* FROM "stocks"[0m
  Rendered stocks/index.html.erb within layouts/application (5.3ms)
Completed 200 OK in 10ms (Views: 8.4ms | ActiveRecord: 0.5ms)


Started GET "/assets/scaffolds.css?body=1" for 127.0.0.1 at 2014-07-24 15:34:06 +0300


Started GET "/assets/stocks.css?body=1" for 127.0.0.1 at 2014-07-24 15:34:06 +0300


Started GET "/assets/application.css?body=1" for 127.0.0.1 at 2014-07-24 15:34:06 +0300


Started GET "/assets/jquery.js?body=1" for 127.0.0.1 at 2014-07-24 15:34:06 +0300


Started GET "/assets/stocks.js?body=1" for 127.0.0.1 at 2014-07-24 15:34:06 +0300


Started GET "/assets/application.js?body=1" for 127.0.0.1 at 2014-07-24 15:34:06 +0300


Started GET "/assets/jquery_ujs.js?body=1" for 127.0.0.1 at 2014-07-24 15:34:06 +0300


Started GET "/assets/turbolinks.js?body=1" for 127.0.0.1 at 2014-07-24 15:34:06 +0300


Started GET "/stocks/new" for 127.0.0.1 at 2014-07-24 15:34:07 +0300
Processing by StocksController#new as HTML
  Rendered stocks/_form.html.erb (2.2ms)
  Rendered stocks/new.html.erb within layouts/application (2.8ms)
Completed 200 OK in 7ms (Views: 6.2ms | ActiveRecord: 0.0ms)


Started POST "/stocks" for 127.0.0.1 at 2014-07-24 15:34:10 +0300
Processing by StocksController#create as HTML
  Parameters: {"utf8"=>"✓", "authenticity_token"=>"4kEiTOoyuMQ15EiDkz5q5d70kRHAqR+S0fupB4/KHhs=", "stock"=>{"title"=>"", "description"=>"", "image_url"=>"", "price"=>""}, "commit"=>"Create Stock"}
  [1m[35m (0.1ms)[0m  begin transaction
  [1m[36m (0.0ms)[0m  [1mrollback transaction[0m
  Rendered stocks/_form.html.erb (5.3ms)
  Rendered stocks/new.html.erb within layouts/application (6.4ms)
Completed 200 OK in 12ms (Views: 9.4ms | ActiveRecord: 0.1ms)


Started GET "/assets/jquery_ujs.js?body=1" for 127.0.0.1 at 2014-07-24 15:34:10 +0300


Started GET "/assets/jquery.js?body=1" for 127.0.0.1 at 2014-07-24 15:34:10 +0300


Started GET "/assets/application.css?body=1" for 127.0.0.1 at 2014-07-24 15:34:10 +0300


Started GET "/assets/scaffolds.css?body=1" for 127.0.0.1 at 2014-07-24 15:34:10 +0300


Started GET "/assets/turbolinks.js?body=1" for 127.0.0.1 at 2014-07-24 15:34:10 +0300


Started GET "/assets/stocks.css?body=1" for 127.0.0.1 at 2014-07-24 15:34:10 +0300


Started GET "/assets/stocks.js?body=1" for 127.0.0.1 at 2014-07-24 15:34:10 +0300


Started GET "/assets/application.js?body=1" for 127.0.0.1 at 2014-07-24 15:34:10 +0300


Started GET "/stocks" for 127.0.0.1 at 2014-07-24 15:34:35 +0300
Processing by StocksController#index as HTML
  [1m[35mStock Load (0.1ms)[0m  SELECT "stocks".* FROM "stocks"
  Rendered stocks/index.html.erb within layouts/application (1.5ms)
Completed 200 OK in 5ms (Views: 4.4ms | ActiveRecord: 0.1ms)


Started GET "/assets/scaffolds.css?body=1" for 127.0.0.1 at 2014-07-24 15:34:35 +0300


Started GET "/assets/stocks.css?body=1" for 127.0.0.1 at 2014-07-24 15:34:35 +0300


Started GET "/assets/application.css?body=1" for 127.0.0.1 at 2014-07-24 15:34:35 +0300


Started GET "/assets/stocks.js?body=1" for 127.0.0.1 at 2014-07-24 15:34:35 +0300


Started GET "/assets/jquery.js?body=1" for 127.0.0.1 at 2014-07-24 15:34:35 +0300


Started GET "/assets/turbolinks.js?body=1" for 127.0.0.1 at 2014-07-24 15:34:35 +0300


Started GET "/assets/jquery_ujs.js?body=1" for 127.0.0.1 at 2014-07-24 15:34:35 +0300


Started GET "/assets/application.js?body=1" for 127.0.0.1 at 2014-07-24 15:34:35 +0300


Started GET "/stocks/new" for 127.0.0.1 at 2014-07-24 15:34:36 +0300
Processing by StocksController#new as HTML
  Rendered stocks/_form.html.erb (2.4ms)
  Rendered stocks/new.html.erb within layouts/application (3.0ms)
Completed 200 OK in 7ms (Views: 6.2ms | ActiveRecord: 0.0ms)


Started GET "/stocks" for 127.0.0.1 at 2014-07-24 15:34:42 +0300
Processing by StocksController#index as HTML
  [1m[36mStock Load (0.1ms)[0m  [1mSELECT "stocks".* FROM "stocks"[0m
  Rendered stocks/index.html.erb within layouts/application (1.5ms)
Completed 200 OK in 5ms (Views: 4.6ms | ActiveRecord: 0.1ms)


Started GET "/stocks/2/edit" for 127.0.0.1 at 2014-07-24 15:34:45 +0300
Processing by StocksController#edit as HTML
  Parameters: {"id"=>"2"}
  [1m[35mStock Load (0.1ms)[0m  SELECT  "stocks".* FROM "stocks"  WHERE "stocks"."id" = ? LIMIT 1  [["id", 2]]
  Rendered stocks/_form.html.erb (2.3ms)
  Rendered stocks/edit.html.erb within layouts/application (3.1ms)
Completed 200 OK in 8ms (Views: 6.6ms | ActiveRecord: 0.1ms)


Started PATCH "/stocks/2" for 127.0.0.1 at 2014-07-24 15:34:50 +0300
Processing by StocksController#update as HTML
  Parameters: {"utf8"=>"✓", "authenticity_token"=>"4kEiTOoyuMQ15EiDkz5q5d70kRHAqR+S0fupB4/KHhs=", "stock"=>{"title"=>"OIL", "description"=>"OIL Barrels.", "image_url"=>"oil.jpg", "price"=>"$32.12$32.34"}, "commit"=>"Update Stock", "id"=>"2"}
  [1m[36mStock Load (0.1ms)[0m  [1mSELECT  "stocks".* FROM "stocks"  WHERE "stocks"."id" = ? LIMIT 1[0m  [["id", 2]]
  [1m[35m (0.0ms)[0m  begin transaction
  [1m[36mSQL (0.2ms)[0m  [1mUPDATE "stocks" SET "price" = ?, "updated_at" = ? WHERE "stocks"."id" = 2[0m  [["price", "$32.12$32.34"], ["updated_at", "2014-07-24 12:34:50.473531"]]
  [1m[35m (0.6ms)[0m  commit transaction
Redirected to http://localhost:3000/stocks/2
Completed 302 Found in 4ms (ActiveRecord: 0.9ms)


Started GET "/stocks/2" for 127.0.0.1 at 2014-07-24 15:34:50 +0300
Processing by StocksController#show as HTML
  Parameters: {"id"=>"2"}
  [1m[36mStock Load (0.1ms)[0m  [1mSELECT  "stocks".* FROM "stocks"  WHERE "stocks"."id" = ? LIMIT 1[0m  [["id", 2]]
  Rendered stocks/show.html.erb within layouts/application (0.4ms)
Completed 200 OK in 5ms (Views: 4.0ms | ActiveRecord: 0.1ms)


Started GET "/assets/jquery_ujs.js?body=1" for 127.0.0.1 at 2014-07-24 15:34:50 +0300


Started GET "/assets/scaffolds.css?body=1" for 127.0.0.1 at 2014-07-24 15:34:50 +0300


Started GET "/assets/application.css?body=1" for 127.0.0.1 at 2014-07-24 15:34:50 +0300


Started GET "/assets/turbolinks.js?body=1" for 127.0.0.1 at 2014-07-24 15:34:50 +0300


Started GET "/assets/stocks.css?body=1" for 127.0.0.1 at 2014-07-24 15:34:50 +0300


Started GET "/assets/jquery.js?body=1" for 127.0.0.1 at 2014-07-24 15:34:50 +0300


Started GET "/assets/stocks.js?body=1" for 127.0.0.1 at 2014-07-24 15:34:50 +0300


Started GET "/assets/application.js?body=1" for 127.0.0.1 at 2014-07-24 15:34:50 +0300


Started GET "/stocks" for 127.0.0.1 at 2014-07-24 15:34:51 +0300
Processing by StocksController#index as HTML
  [1m[35mStock Load (0.1ms)[0m  SELECT "stocks".* FROM "stocks"
  Rendered stocks/index.html.erb within layouts/application (1.4ms)
Completed 200 OK in 5ms (Views: 4.6ms | ActiveRecord: 0.1ms)


Started GET "/stocks/new" for 127.0.0.1 at 2014-07-24 15:37:17 +0300
Processing by StocksController#new as HTML
  Rendered stocks/_form.html.erb (4.2ms)
  Rendered stocks/new.html.erb within layouts/application (4.8ms)
Completed 200 OK in 12ms (Views: 8.3ms | ActiveRecord: 0.5ms)


Started POST "/stocks" for 127.0.0.1 at 2014-07-24 15:37:17 +0300
Processing by StocksController#create as HTML
  Parameters: {"utf8"=>"✓", "authenticity_token"=>"4kEiTOoyuMQ15EiDkz5q5d70kRHAqR+S0fupB4/KHhs=", "stock"=>{"title"=>"", "description"=>"", "image_url"=>"", "price"=>""}, "commit"=>"Create Stock"}
  [1m[36m (0.0ms)[0m  [1mbegin transaction[0m
  [1m[35m (0.0ms)[0m  rollback transaction
  Rendered stocks/_form.html.erb (3.9ms)
  Rendered stocks/new.html.erb within layouts/application (4.4ms)
Completed 200 OK in 10ms (Views: 7.4ms | ActiveRecord: 0.1ms)


Started GET "/assets/scaffolds.css?body=1" for 127.0.0.1 at 2014-07-24 15:37:18 +0300


Started GET "/assets/stocks.css?body=1" for 127.0.0.1 at 2014-07-24 15:37:18 +0300


Started GET "/assets/application.css?body=1" for 127.0.0.1 at 2014-07-24 15:37:18 +0300


Started GET "/assets/jquery_ujs.js?body=1" for 127.0.0.1 at 2014-07-24 15:37:18 +0300


Started GET "/assets/stocks.js?body=1" for 127.0.0.1 at 2014-07-24 15:37:18 +0300


Started GET "/assets/jquery.js?body=1" for 127.0.0.1 at 2014-07-24 15:37:18 +0300


Started GET "/assets/turbolinks.js?body=1" for 127.0.0.1 at 2014-07-24 15:37:18 +0300


Started GET "/assets/application.js?body=1" for 127.0.0.1 at 2014-07-24 15:37:18 +0300


Started GET "/stocks" for 127.0.0.1 at 2014-07-24 23:21:11 +0300
  [1m[36mActiveRecord::SchemaMigration Load (0.1ms)[0m  [1mSELECT "schema_migrations".* FROM "schema_migrations"[0m
Processing by StocksController#index as HTML
  [1m[35mStock Load (0.1ms)[0m  SELECT "stocks".* FROM "stocks"
  Rendered stocks/index.html.erb within layouts/application (11.0ms)
Completed 200 OK in 53ms (Views: 44.0ms | ActiveRecord: 0.3ms)


Started GET "/assets/scaffolds.css?body=1" for 127.0.0.1 at 2014-07-24 23:21:11 +0300


Started GET "/assets/jquery_ujs.js?body=1" for 127.0.0.1 at 2014-07-24 23:21:11 +0300


Started GET "/assets/application.css?body=1" for 127.0.0.1 at 2014-07-24 23:21:11 +0300


Started GET "/assets/stocks.css?body=1" for 127.0.0.1 at 2014-07-24 23:21:11 +0300


Started GET "/assets/jquery.js?body=1" for 127.0.0.1 at 2014-07-24 23:21:11 +0300


Started GET "/assets/stocks.js?body=1" for 127.0.0.1 at 2014-07-24 23:21:11 +0300


Started GET "/assets/turbolinks.js?body=1" for 127.0.0.1 at 2014-07-24 23:21:11 +0300


Started GET "/assets/application.js?body=1" for 127.0.0.1 at 2014-07-24 23:21:11 +0300


Started GET "/stocks/new" for 127.0.0.1 at 2014-07-24 23:21:13 +0300
Processing by StocksController#new as HTML
  Rendered stocks/_form.html.erb (13.1ms)
  Rendered stocks/new.html.erb within layouts/application (15.7ms)
Completed 200 OK in 20ms (Views: 19.0ms | ActiveRecord: 0.0ms)


Started POST "/stocks" for 127.0.0.1 at 2014-07-24 23:21:14 +0300
Processing by StocksController#create as HTML
  Parameters: {"utf8"=>"✓", "authenticity_token"=>"4kEiTOoyuMQ15EiDkz5q5d70kRHAqR+S0fupB4/KHhs=", "stock"=>{"title"=>"", "description"=>"", "image_url"=>"", "price"=>""}, "commit"=>"Create Stock"}
  [1m[36m (0.1ms)[0m  [1mbegin transaction[0m
  [1m[35m (0.0ms)[0m  rollback transaction
  Rendered stocks/_form.html.erb (4.2ms)
  Rendered stocks/new.html.erb within layouts/application (5.0ms)
Completed 200 OK in 12ms (Views: 8.0ms | ActiveRecord: 0.1ms)


Started GET "/assets/application.css?body=1" for 127.0.0.1 at 2014-07-24 23:21:14 +0300


Started GET "/assets/turbolinks.js?body=1" for 127.0.0.1 at 2014-07-24 23:21:14 +0300


Started GET "/assets/jquery_ujs.js?body=1" for 127.0.0.1 at 2014-07-24 23:21:14 +0300


Started GET "/assets/scaffolds.css?body=1" for 127.0.0.1 at 2014-07-24 23:21:14 +0300


Started GET "/assets/jquery.js?body=1" for 127.0.0.1 at 2014-07-24 23:21:14 +0300


Started GET "/assets/stocks.css?body=1" for 127.0.0.1 at 2014-07-24 23:21:14 +0300


Started GET "/assets/stocks.js?body=1" for 127.0.0.1 at 2014-07-24 23:21:14 +0300


Started GET "/assets/application.js?body=1" for 127.0.0.1 at 2014-07-24 23:21:14 +0300
  [1m[36mActiveRecord::SchemaMigration Load (0.1ms)[0m  [1mSELECT "schema_migrations".* FROM "schema_migrations"[0m
  [1m[35mActiveRecord::SchemaMigration Load (0.1ms)[0m  SELECT "schema_migrations".* FROM "schema_migrations"


Started GET "/stocks/new" for 127.0.0.1 at 2014-07-24 23:22:20 +0300
  [1m[36mActiveRecord::SchemaMigration Load (0.1ms)[0m  [1mSELECT "schema_migrations".* FROM "schema_migrations"[0m
Processing by StocksController#new as HTML
  Rendered stocks/_form.html.erb (19.0ms)
  Rendered stocks/new.html.erb within layouts/application (21.7ms)
Completed 200 OK in 63ms (Views: 53.7ms | ActiveRecord: 0.2ms)


Started GET "/assets/scaffolds.css?body=1" for 127.0.0.1 at 2014-07-24 23:22:20 +0300


Started GET "/assets/stocks.css?body=1" for 127.0.0.1 at 2014-07-24 23:22:20 +0300


Started GET "/assets/application.css?body=1" for 127.0.0.1 at 2014-07-24 23:22:20 +0300


Started GET "/assets/stocks.js?body=1" for 127.0.0.1 at 2014-07-24 23:22:20 +0300


Started GET "/assets/application.js?body=1" for 127.0.0.1 at 2014-07-24 23:22:20 +0300


Started GET "/assets/jquery_ujs.js?body=1" for 127.0.0.1 at 2014-07-24 23:22:20 +0300


Started GET "/assets/jquery.js?body=1" for 127.0.0.1 at 2014-07-24 23:22:20 +0300


Started GET "/assets/turbolinks.js?body=1" for 127.0.0.1 at 2014-07-24 23:22:20 +0300


Started POST "/stocks" for 127.0.0.1 at 2014-07-24 23:22:21 +0300
Processing by StocksController#create as HTML
  Parameters: {"utf8"=>"✓", "authenticity_token"=>"4kEiTOoyuMQ15EiDkz5q5d70kRHAqR+S0fupB4/KHhs=", "stock"=>{"title"=>"", "description"=>"", "image_url"=>"", "price"=>""}, "commit"=>"Create Stock"}
  [1m[35m (0.1ms)[0m  begin transaction
  [1m[36m (0.0ms)[0m  [1mrollback transaction[0m
  Rendered stocks/_form.html.erb (4.6ms)
  Rendered stocks/new.html.erb within layouts/application (5.6ms)
Completed 200 OK in 13ms (Views: 9.6ms | ActiveRecord: 0.1ms)


Started GET "/assets/stocks.css?body=1" for 127.0.0.1 at 2014-07-24 23:22:22 +0300


Started GET "/assets/scaffolds.css?body=1" for 127.0.0.1 at 2014-07-24 23:22:22 +0300


Started GET "/assets/application.css?body=1" for 127.0.0.1 at 2014-07-24 23:22:22 +0300


Started GET "/assets/stocks.js?body=1" for 127.0.0.1 at 2014-07-24 23:22:22 +0300


Started GET "/assets/jquery.js?body=1" for 127.0.0.1 at 2014-07-24 23:22:22 +0300


Started GET "/assets/turbolinks.js?body=1" for 127.0.0.1 at 2014-07-24 23:22:22 +0300


Started GET "/assets/jquery_ujs.js?body=1" for 127.0.0.1 at 2014-07-24 23:22:22 +0300


Started GET "/assets/application.js?body=1" for 127.0.0.1 at 2014-07-24 23:22:22 +0300


Started GET "/stocks" for 127.0.0.1 at 2014-07-24 23:23:29 +0300
Processing by StocksController#index as HTML
  [1m[35mStock Load (0.2ms)[0m  SELECT "stocks".* FROM "stocks"
  Rendered stocks/index.html.erb within layouts/application (8.7ms)
Completed 200 OK in 14ms (Views: 11.9ms | ActiveRecord: 0.4ms)


Started GET "/assets/scaffolds.css?body=1" for 127.0.0.1 at 2014-07-24 23:23:29 +0300


Started GET "/assets/application.css?body=1" for 127.0.0.1 at 2014-07-24 23:23:29 +0300


Started GET "/assets/jquery.js?body=1" for 127.0.0.1 at 2014-07-24 23:23:29 +0300


Started GET "/assets/stocks.css?body=1" for 127.0.0.1 at 2014-07-24 23:23:29 +0300


Started GET "/assets/turbolinks.js?body=1" for 127.0.0.1 at 2014-07-24 23:23:29 +0300


Started GET "/assets/stocks.js?body=1" for 127.0.0.1 at 2014-07-24 23:23:29 +0300


Started GET "/assets/jquery_ujs.js?body=1" for 127.0.0.1 at 2014-07-24 23:23:29 +0300


Started GET "/assets/application.js?body=1" for 127.0.0.1 at 2014-07-24 23:23:29 +0300


Started GET "/stocks/new" for 127.0.0.1 at 2014-07-24 23:23:30 +0300
Processing by StocksController#new as HTML
  Rendered stocks/_form.html.erb (2.6ms)
  Rendered stocks/new.html.erb within layouts/application (3.7ms)
Completed 200 OK in 8ms (Views: 7.2ms | ActiveRecord: 0.0ms)


Started POST "/stocks" for 127.0.0.1 at 2014-07-24 23:23:32 +0300
Processing by StocksController#create as HTML
  Parameters: {"utf8"=>"✓", "authenticity_token"=>"4kEiTOoyuMQ15EiDkz5q5d70kRHAqR+S0fupB4/KHhs=", "stock"=>{"title"=>"", "description"=>"", "image_url"=>"", "price"=>""}, "commit"=>"Create Stock"}
  [1m[36m (0.1ms)[0m  [1mbegin transaction[0m
  [1m[35m (0.0ms)[0m  rollback transaction
  Rendered stocks/_form.html.erb (4.7ms)
  Rendered stocks/new.html.erb within layouts/application (5.6ms)
Completed 200 OK in 12ms (Views: 8.7ms | ActiveRecord: 0.1ms)


Started GET "/assets/turbolinks.js?body=1" for 127.0.0.1 at 2014-07-24 23:23:32 +0300


Started GET "/assets/jquery_ujs.js?body=1" for 127.0.0.1 at 2014-07-24 23:23:32 +0300


Started GET "/assets/scaffolds.css?body=1" for 127.0.0.1 at 2014-07-24 23:23:32 +0300


Started GET "/assets/stocks.css?body=1" for 127.0.0.1 at 2014-07-24 23:23:32 +0300


Started GET "/assets/application.css?body=1" for 127.0.0.1 at 2014-07-24 23:23:32 +0300


Started GET "/assets/jquery.js?body=1" for 127.0.0.1 at 2014-07-24 23:23:32 +0300


Started GET "/assets/stocks.js?body=1" for 127.0.0.1 at 2014-07-24 23:23:32 +0300


Started GET "/assets/application.js?body=1" for 127.0.0.1 at 2014-07-24 23:23:32 +0300


Started GET "/stocks" for 127.0.0.1 at 2014-07-24 23:23:36 +0300
Processing by StocksController#index as HTML
  [1m[36mStock Load (0.1ms)[0m  [1mSELECT "stocks".* FROM "stocks"[0m
  Rendered stocks/index.html.erb within layouts/application (1.5ms)
Completed 200 OK in 5ms (Views: 4.2ms | ActiveRecord: 0.1ms)


Started GET "/assets/scaffolds.css?body=1" for 127.0.0.1 at 2014-07-24 23:23:36 +0300


Started GET "/assets/application.css?body=1" for 127.0.0.1 at 2014-07-24 23:23:36 +0300


Started GET "/assets/jquery_ujs.js?body=1" for 127.0.0.1 at 2014-07-24 23:23:36 +0300


Started GET "/assets/jquery.js?body=1" for 127.0.0.1 at 2014-07-24 23:23:37 +0300


Started GET "/assets/stocks.css?body=1" for 127.0.0.1 at 2014-07-24 23:23:37 +0300


Started GET "/assets/turbolinks.js?body=1" for 127.0.0.1 at 2014-07-24 23:23:37 +0300


Started GET "/assets/application.js?body=1" for 127.0.0.1 at 2014-07-24 23:23:37 +0300


Started GET "/assets/stocks.js?body=1" for 127.0.0.1 at 2014-07-24 23:23:37 +0300


Started GET "/stocks/new" for 127.0.0.1 at 2014-07-24 23:24:39 +0300
Processing by StocksController#new as HTML
  Rendered stocks/_form.html.erb (7.3ms)
  Rendered stocks/new.html.erb within layouts/application (8.3ms)
Completed 200 OK in 14ms (Views: 11.9ms | ActiveRecord: 0.3ms)


Started POST "/stocks" for 127.0.0.1 at 2014-07-24 23:24:47 +0300
Processing by StocksController#create as HTML
  Parameters: {"utf8"=>"✓", "authenticity_token"=>"4kEiTOoyuMQ15EiDkz5q5d70kRHAqR+S0fupB4/KHhs=", "stock"=>{"title"=>"hey", "description"=>"hey", "image_url"=>"hey", "price"=>"hey"}, "commit"=>"Create Stock"}
  [1m[35m (0.1ms)[0m  begin transaction
  [1m[36mStock Exists (0.1ms)[0m  [1mSELECT  1 AS one FROM "stocks"  WHERE "stocks"."title" = 'hey' LIMIT 1[0m
  [1m[35mSQL (0.3ms)[0m  INSERT INTO "stocks" ("created_at", "description", "image_url", "price", "title", "updated_at") VALUES (?, ?, ?, ?, ?, ?)  [["created_at", "2014-07-24 20:24:47.666813"], ["description", "hey"], ["image_url", "hey"], ["price", "hey"], ["title", "hey"], ["updated_at", "2014-07-24 20:24:47.666813"]]
  [1m[36m (0.8ms)[0m  [1mcommit transaction[0m
Redirected to http://localhost:3000/stocks/3
Completed 302 Found in 15ms (ActiveRecord: 1.3ms)


Started GET "/stocks/3" for 127.0.0.1 at 2014-07-24 23:24:47 +0300
Processing by StocksController#show as HTML
  Parameters: {"id"=>"3"}
  [1m[35mStock Load (0.1ms)[0m  SELECT  "stocks".* FROM "stocks"  WHERE "stocks"."id" = ? LIMIT 1  [["id", 3]]
  Rendered stocks/show.html.erb within layouts/application (0.7ms)
Completed 200 OK in 5ms (Views: 3.8ms | ActiveRecord: 0.1ms)


Started GET "/assets/scaffolds.css?body=1" for 127.0.0.1 at 2014-07-24 23:24:47 +0300


Started GET "/assets/stocks.css?body=1" for 127.0.0.1 at 2014-07-24 23:24:47 +0300


Started GET "/assets/application.css?body=1" for 127.0.0.1 at 2014-07-24 23:24:47 +0300


Started GET "/assets/stocks.js?body=1" for 127.0.0.1 at 2014-07-24 23:24:47 +0300


Started GET "/assets/jquery.js?body=1" for 127.0.0.1 at 2014-07-24 23:24:47 +0300


Started GET "/assets/application.js?body=1" for 127.0.0.1 at 2014-07-24 23:24:47 +0300


Started GET "/assets/jquery_ujs.js?body=1" for 127.0.0.1 at 2014-07-24 23:24:47 +0300


Started GET "/assets/turbolinks.js?body=1" for 127.0.0.1 at 2014-07-24 23:24:47 +0300


Started GET "/stocks" for 127.0.0.1 at 2014-07-24 23:24:49 +0300
Processing by StocksController#index as HTML
  [1m[36mStock Load (0.1ms)[0m  [1mSELECT "stocks".* FROM "stocks"[0m
  Rendered stocks/index.html.erb within layouts/application (5.3ms)
Completed 200 OK in 10ms (Views: 9.1ms | ActiveRecord: 0.1ms)


Started GET "/images/hey" for 127.0.0.1 at 2014-07-24 23:24:49 +0300

ActionController::RoutingError (No route matches [GET] "/images/hey"):
  actionpack (4.1.1) lib/action_dispatch/middleware/debug_exceptions.rb:21:in `call'
  actionpack (4.1.1) lib/action_dispatch/middleware/show_exceptions.rb:30:in `call'
  railties (4.1.1) lib/rails/rack/logger.rb:38:in `call_app'
  railties (4.1.1) lib/rails/rack/logger.rb:20:in `block in call'
  activesupport (4.1.1) lib/active_support/tagged_logging.rb:68:in `block in tagged'
  activesupport (4.1.1) lib/active_support/tagged_logging.rb:26:in `tagged'
  activesupport (4.1.1) lib/active_support/tagged_logging.rb:68:in `tagged'
  railties (4.1.1) lib/rails/rack/logger.rb:20:in `call'
  actionpack (4.1.1) lib/action_dispatch/middleware/request_id.rb:21:in `call'
  rack (1.5.2) lib/rack/methodoverride.rb:21:in `call'
  rack (1.5.2) lib/rack/runtime.rb:17:in `call'
  activesupport (4.1.1) lib/active_support/cache/strategy/local_cache_middleware.rb:26:in `call'
  rack (1.5.2) lib/rack/lock.rb:17:in `call'
  actionpack (4.1.1) lib/action_dispatch/middleware/static.rb:64:in `call'
  rack (1.5.2) lib/rack/sendfile.rb:112:in `call'
  railties (4.1.1) lib/rails/engine.rb:514:in `call'
  railties (4.1.1) lib/rails/application.rb:144:in `call'
  rack (1.5.2) lib/rack/lock.rb:17:in `call'
  rack (1.5.2) lib/rack/content_length.rb:14:in `call'
  rack (1.5.2) lib/rack/handler/webrick.rb:60:in `service'
  /Users/burakicel/.rvm/rubies/ruby-2.1.1/lib/ruby/2.1.0/webrick/httpserver.rb:138:in `service'
  /Users/burakicel/.rvm/rubies/ruby-2.1.1/lib/ruby/2.1.0/webrick/httpserver.rb:94:in `run'
  /Users/burakicel/.rvm/rubies/ruby-2.1.1/lib/ruby/2.1.0/webrick/server.rb:295:in `block in start_thread'


  Rendered /Users/burakicel/.rvm/gems/ruby-2.1.1/gems/actionpack-4.1.1/lib/action_dispatch/middleware/templates/rescues/_trace.html.erb (1.0ms)
  Rendered /Users/burakicel/.rvm/gems/ruby-2.1.1/gems/actionpack-4.1.1/lib/action_dispatch/middleware/templates/routes/_route.html.erb (1.7ms)
  Rendered /Users/burakicel/.rvm/gems/ruby-2.1.1/gems/actionpack-4.1.1/lib/action_dispatch/middleware/templates/routes/_table.html.erb (1.8ms)
  Rendered /Users/burakicel/.rvm/gems/ruby-2.1.1/gems/actionpack-4.1.1/lib/action_dispatch/middleware/templates/rescues/routing_error.html.erb within rescues/layout (22.4ms)


Started GET "/stocks/3/edit" for 127.0.0.1 at 2014-07-24 23:24:54 +0300
Processing by StocksController#edit as HTML
  Parameters: {"id"=>"3"}
  [1m[35mStock Load (0.1ms)[0m  SELECT  "stocks".* FROM "stocks"  WHERE "stocks"."id" = ? LIMIT 1  [["id", 3]]
  Rendered stocks/_form.html.erb (2.8ms)
  Rendered stocks/edit.html.erb within layouts/application (4.2ms)
Completed 200 OK in 8ms (Views: 7.4ms | ActiveRecord: 0.1ms)


Started PATCH "/stocks/3" for 127.0.0.1 at 2014-07-24 23:24:57 +0300
Processing by StocksController#update as HTML
  Parameters: {"utf8"=>"✓", "authenticity_token"=>"4kEiTOoyuMQ15EiDkz5q5d70kRHAqR+S0fupB4/KHhs=", "stock"=>{"title"=>"OIL", "description"=>"hey", "image_url"=>"hey", "price"=>"hey"}, "commit"=>"Update Stock", "id"=>"3"}
  [1m[36mStock Load (0.2ms)[0m  [1mSELECT  "stocks".* FROM "stocks"  WHERE "stocks"."id" = ? LIMIT 1[0m  [["id", 3]]
  [1m[35m (0.1ms)[0m  begin transaction
  [1m[36mStock Exists (0.1ms)[0m  [1mSELECT  1 AS one FROM "stocks"  WHERE ("stocks"."title" = 'OIL' AND "stocks"."id" != 3) LIMIT 1[0m
  [1m[35m (0.1ms)[0m  rollback transaction
  Rendered stocks/_form.html.erb (2.5ms)
  Rendered stocks/edit.html.erb within layouts/application (3.6ms)
Completed 200 OK in 12ms (Views: 6.5ms | ActiveRecord: 0.5ms)


Started GET "/assets/scaffolds.css?body=1" for 127.0.0.1 at 2014-07-24 23:24:57 +0300


Started GET "/assets/stocks.css?body=1" for 127.0.0.1 at 2014-07-24 23:24:57 +0300


Started GET "/assets/stocks.js?body=1" for 127.0.0.1 at 2014-07-24 23:24:57 +0300


Started GET "/assets/jquery.js?body=1" for 127.0.0.1 at 2014-07-24 23:24:57 +0300


Started GET "/assets/jquery_ujs.js?body=1" for 127.0.0.1 at 2014-07-24 23:24:57 +0300


Started GET "/assets/application.css?body=1" for 127.0.0.1 at 2014-07-24 23:24:57 +0300


Started GET "/assets/turbolinks.js?body=1" for 127.0.0.1 at 2014-07-24 23:24:57 +0300


Started GET "/assets/application.js?body=1" for 127.0.0.1 at 2014-07-24 23:24:57 +0300


Started PATCH "/stocks/3" for 127.0.0.1 at 2014-07-24 23:25:04 +0300
Processing by StocksController#update as HTML
  Parameters: {"utf8"=>"✓", "authenticity_token"=>"4kEiTOoyuMQ15EiDkz5q5d70kRHAqR+S0fupB4/KHhs=", "stock"=>{"title"=>"oil", "description"=>"hey", "image_url"=>"hey", "price"=>"hey"}, "commit"=>"Update Stock", "id"=>"3"}
  [1m[36mStock Load (0.1ms)[0m  [1mSELECT  "stocks".* FROM "stocks"  WHERE "stocks"."id" = ? LIMIT 1[0m  [["id", 3]]
  [1m[35m (0.0ms)[0m  begin transaction
  [1m[36mStock Exists (0.1ms)[0m  [1mSELECT  1 AS one FROM "stocks"  WHERE ("stocks"."title" = 'oil' AND "stocks"."id" != 3) LIMIT 1[0m
  [1m[35mSQL (0.2ms)[0m  UPDATE "stocks" SET "title" = ?, "updated_at" = ? WHERE "stocks"."id" = 3  [["title", "oil"], ["updated_at", "2014-07-24 20:25:04.286208"]]
  [1m[36m (0.6ms)[0m  [1mcommit transaction[0m
Redirected to http://localhost:3000/stocks/3
Completed 302 Found in 4ms (ActiveRecord: 1.0ms)


Started GET "/stocks/3" for 127.0.0.1 at 2014-07-24 23:25:04 +0300
Processing by StocksController#show as HTML
  Parameters: {"id"=>"3"}
  [1m[35mStock Load (0.1ms)[0m  SELECT  "stocks".* FROM "stocks"  WHERE "stocks"."id" = ? LIMIT 1  [["id", 3]]
  Rendered stocks/show.html.erb within layouts/application (0.3ms)
Completed 200 OK in 5ms (Views: 3.7ms | ActiveRecord: 0.1ms)


Started GET "/assets/jquery_ujs.js?body=1" for 127.0.0.1 at 2014-07-24 23:25:04 +0300


Started GET "/assets/jquery.js?body=1" for 127.0.0.1 at 2014-07-24 23:25:04 +0300


Started GET "/assets/scaffolds.css?body=1" for 127.0.0.1 at 2014-07-24 23:25:04 +0300


Started GET "/assets/application.css?body=1" for 127.0.0.1 at 2014-07-24 23:25:04 +0300


Started GET "/assets/stocks.css?body=1" for 127.0.0.1 at 2014-07-24 23:25:04 +0300


Started GET "/assets/turbolinks.js?body=1" for 127.0.0.1 at 2014-07-24 23:25:04 +0300


Started GET "/assets/stocks.js?body=1" for 127.0.0.1 at 2014-07-24 23:25:04 +0300


Started GET "/assets/application.js?body=1" for 127.0.0.1 at 2014-07-24 23:25:04 +0300


Started GET "/stocks" for 127.0.0.1 at 2014-07-24 23:25:05 +0300
Processing by StocksController#index as HTML
  [1m[36mStock Load (0.3ms)[0m  [1mSELECT "stocks".* FROM "stocks"[0m
  Rendered stocks/index.html.erb within layouts/application (8.0ms)
Completed 200 OK in 12ms (Views: 10.8ms | ActiveRecord: 0.3ms)


Started GET "/images/hey" for 127.0.0.1 at 2014-07-24 23:25:05 +0300

ActionController::RoutingError (No route matches [GET] "/images/hey"):
  actionpack (4.1.1) lib/action_dispatch/middleware/debug_exceptions.rb:21:in `call'
  actionpack (4.1.1) lib/action_dispatch/middleware/show_exceptions.rb:30:in `call'
  railties (4.1.1) lib/rails/rack/logger.rb:38:in `call_app'
  railties (4.1.1) lib/rails/rack/logger.rb:20:in `block in call'
  activesupport (4.1.1) lib/active_support/tagged_logging.rb:68:in `block in tagged'
  activesupport (4.1.1) lib/active_support/tagged_logging.rb:26:in `tagged'
  activesupport (4.1.1) lib/active_support/tagged_logging.rb:68:in `tagged'
  railties (4.1.1) lib/rails/rack/logger.rb:20:in `call'
  actionpack (4.1.1) lib/action_dispatch/middleware/request_id.rb:21:in `call'
  rack (1.5.2) lib/rack/methodoverride.rb:21:in `call'
  rack (1.5.2) lib/rack/runtime.rb:17:in `call'
  activesupport (4.1.1) lib/active_support/cache/strategy/local_cache_middleware.rb:26:in `call'
  rack (1.5.2) lib/rack/lock.rb:17:in `call'
  actionpack (4.1.1) lib/action_dispatch/middleware/static.rb:64:in `call'
  rack (1.5.2) lib/rack/sendfile.rb:112:in `call'
  railties (4.1.1) lib/rails/engine.rb:514:in `call'
  railties (4.1.1) lib/rails/application.rb:144:in `call'
  rack (1.5.2) lib/rack/lock.rb:17:in `call'
  rack (1.5.2) lib/rack/content_length.rb:14:in `call'
  rack (1.5.2) lib/rack/handler/webrick.rb:60:in `service'
  /Users/burakicel/.rvm/rubies/ruby-2.1.1/lib/ruby/2.1.0/webrick/httpserver.rb:138:in `service'
  /Users/burakicel/.rvm/rubies/ruby-2.1.1/lib/ruby/2.1.0/webrick/httpserver.rb:94:in `run'
  /Users/burakicel/.rvm/rubies/ruby-2.1.1/lib/ruby/2.1.0/webrick/server.rb:295:in `block in start_thread'


  Rendered /Users/burakicel/.rvm/gems/ruby-2.1.1/gems/actionpack-4.1.1/lib/action_dispatch/middleware/templates/rescues/_trace.html.erb (0.8ms)
  Rendered /Users/burakicel/.rvm/gems/ruby-2.1.1/gems/actionpack-4.1.1/lib/action_dispatch/middleware/templates/routes/_route.html.erb (1.7ms)
  Rendered /Users/burakicel/.rvm/gems/ruby-2.1.1/gems/actionpack-4.1.1/lib/action_dispatch/middleware/templates/routes/_table.html.erb (0.9ms)
  Rendered /Users/burakicel/.rvm/gems/ruby-2.1.1/gems/actionpack-4.1.1/lib/action_dispatch/middleware/templates/rescues/routing_error.html.erb within rescues/layout (15.0ms)


Started GET "/stocks/3/edit" for 127.0.0.1 at 2014-07-24 23:25:10 +0300
Processing by StocksController#edit as HTML
  Parameters: {"id"=>"3"}
  [1m[35mStock Load (0.1ms)[0m  SELECT  "stocks".* FROM "stocks"  WHERE "stocks"."id" = ? LIMIT 1  [["id", 3]]
  Rendered stocks/_form.html.erb (2.9ms)
  Rendered stocks/edit.html.erb within layouts/application (3.7ms)
Completed 200 OK in 8ms (Views: 6.9ms | ActiveRecord: 0.1ms)


Started PATCH "/stocks/3" for 127.0.0.1 at 2014-07-24 23:25:15 +0300
Processing by StocksController#update as HTML
  Parameters: {"utf8"=>"✓", "authenticity_token"=>"4kEiTOoyuMQ15EiDkz5q5d70kRHAqR+S0fupB4/KHhs=", "stock"=>{"title"=>"RSI", "description"=>"hey", "image_url"=>"hey", "price"=>"hey"}, "commit"=>"Update Stock", "id"=>"3"}
  [1m[36mStock Load (0.1ms)[0m  [1mSELECT  "stocks".* FROM "stocks"  WHERE "stocks"."id" = ? LIMIT 1[0m  [["id", 3]]
  [1m[35m (0.0ms)[0m  begin transaction
  [1m[36mStock Exists (0.1ms)[0m  [1mSELECT  1 AS one FROM "stocks"  WHERE ("stocks"."title" = 'RSI' AND "stocks"."id" != 3) LIMIT 1[0m
  [1m[35m (0.0ms)[0m  rollback transaction
  Rendered stocks/_form.html.erb (3.2ms)
  Rendered stocks/edit.html.erb within layouts/application (4.4ms)
Completed 200 OK in 11ms (Views: 8.6ms | ActiveRecord: 0.2ms)


Started GET "/assets/stocks.css?body=1" for 127.0.0.1 at 2014-07-24 23:25:15 +0300


Started GET "/assets/scaffolds.css?body=1" for 127.0.0.1 at 2014-07-24 23:25:15 +0300


Started GET "/assets/application.css?body=1" for 127.0.0.1 at 2014-07-24 23:25:15 +0300


Started GET "/assets/jquery_ujs.js?body=1" for 127.0.0.1 at 2014-07-24 23:25:15 +0300


Started GET "/assets/jquery.js?body=1" for 127.0.0.1 at 2014-07-24 23:25:15 +0300


Started GET "/assets/turbolinks.js?body=1" for 127.0.0.1 at 2014-07-24 23:25:15 +0300


Started GET "/assets/stocks.js?body=1" for 127.0.0.1 at 2014-07-24 23:25:15 +0300


Started GET "/assets/application.js?body=1" for 127.0.0.1 at 2014-07-24 23:25:15 +0300


Started GET "/stocks/3" for 127.0.0.1 at 2014-07-24 23:25:16 +0300
Processing by StocksController#show as HTML
  Parameters: {"id"=>"3"}
  [1m[36mStock Load (0.1ms)[0m  [1mSELECT  "stocks".* FROM "stocks"  WHERE "stocks"."id" = ? LIMIT 1[0m  [["id", 3]]
  Rendered stocks/show.html.erb within layouts/application (0.3ms)
Completed 200 OK in 4ms (Views: 3.3ms | ActiveRecord: 0.1ms)


Started GET "/assets/turbolinks.js?body=1" for 127.0.0.1 at 2014-07-24 23:25:16 +0300


Started GET "/assets/jquery_ujs.js?body=1" for 127.0.0.1 at 2014-07-24 23:25:16 +0300


Started GET "/assets/stocks.css?body=1" for 127.0.0.1 at 2014-07-24 23:25:16 +0300


Started GET "/assets/application.css?body=1" for 127.0.0.1 at 2014-07-24 23:25:16 +0300


Started GET "/assets/jquery.js?body=1" for 127.0.0.1 at 2014-07-24 23:25:16 +0300


Started GET "/assets/scaffolds.css?body=1" for 127.0.0.1 at 2014-07-24 23:25:16 +0300


Started GET "/assets/stocks.js?body=1" for 127.0.0.1 at 2014-07-24 23:25:16 +0300


Started GET "/assets/application.js?body=1" for 127.0.0.1 at 2014-07-24 23:25:16 +0300


Started GET "/stocks" for 127.0.0.1 at 2014-07-24 23:25:18 +0300
Processing by StocksController#index as HTML
  [1m[35mStock Load (0.1ms)[0m  SELECT "stocks".* FROM "stocks"
  Rendered stocks/index.html.erb within layouts/application (5.8ms)
Completed 200 OK in 10ms (Views: 9.8ms | ActiveRecord: 0.1ms)


Started GET "/images/hey" for 127.0.0.1 at 2014-07-24 23:25:18 +0300

ActionController::RoutingError (No route matches [GET] "/images/hey"):
  actionpack (4.1.1) lib/action_dispatch/middleware/debug_exceptions.rb:21:in `call'
  actionpack (4.1.1) lib/action_dispatch/middleware/show_exceptions.rb:30:in `call'
  railties (4.1.1) lib/rails/rack/logger.rb:38:in `call_app'
  railties (4.1.1) lib/rails/rack/logger.rb:20:in `block in call'
  activesupport (4.1.1) lib/active_support/tagged_logging.rb:68:in `block in tagged'
  activesupport (4.1.1) lib/active_support/tagged_logging.rb:26:in `tagged'
  activesupport (4.1.1) lib/active_support/tagged_logging.rb:68:in `tagged'
  railties (4.1.1) lib/rails/rack/logger.rb:20:in `call'
  actionpack (4.1.1) lib/action_dispatch/middleware/request_id.rb:21:in `call'
  rack (1.5.2) lib/rack/methodoverride.rb:21:in `call'
  rack (1.5.2) lib/rack/runtime.rb:17:in `call'
  activesupport (4.1.1) lib/active_support/cache/strategy/local_cache_middleware.rb:26:in `call'
  rack (1.5.2) lib/rack/lock.rb:17:in `call'
  actionpack (4.1.1) lib/action_dispatch/middleware/static.rb:64:in `call'
  rack (1.5.2) lib/rack/sendfile.rb:112:in `call'
  railties (4.1.1) lib/rails/engine.rb:514:in `call'
  railties (4.1.1) lib/rails/application.rb:144:in `call'
  rack (1.5.2) lib/rack/lock.rb:17:in `call'
  rack (1.5.2) lib/rack/content_length.rb:14:in `call'
  rack (1.5.2) lib/rack/handler/webrick.rb:60:in `service'
  /Users/burakicel/.rvm/rubies/ruby-2.1.1/lib/ruby/2.1.0/webrick/httpserver.rb:138:in `service'
  /Users/burakicel/.rvm/rubies/ruby-2.1.1/lib/ruby/2.1.0/webrick/httpserver.rb:94:in `run'
  /Users/burakicel/.rvm/rubies/ruby-2.1.1/lib/ruby/2.1.0/webrick/server.rb:295:in `block in start_thread'


  Rendered /Users/burakicel/.rvm/gems/ruby-2.1.1/gems/actionpack-4.1.1/lib/action_dispatch/middleware/templates/rescues/_trace.html.erb (0.9ms)
  Rendered /Users/burakicel/.rvm/gems/ruby-2.1.1/gems/actionpack-4.1.1/lib/action_dispatch/middleware/templates/routes/_route.html.erb (1.3ms)
  Rendered /Users/burakicel/.rvm/gems/ruby-2.1.1/gems/actionpack-4.1.1/lib/action_dispatch/middleware/templates/routes/_table.html.erb (2.1ms)
  Rendered /Users/burakicel/.rvm/gems/ruby-2.1.1/gems/actionpack-4.1.1/lib/action_dispatch/middleware/templates/rescues/routing_error.html.erb within rescues/layout (18.2ms)


Started DELETE "/stocks/3" for 127.0.0.1 at 2014-07-24 23:25:20 +0300
Processing by StocksController#destroy as HTML
  Parameters: {"authenticity_token"=>"4kEiTOoyuMQ15EiDkz5q5d70kRHAqR+S0fupB4/KHhs=", "id"=>"3"}
  [1m[36mStock Load (0.1ms)[0m  [1mSELECT  "stocks".* FROM "stocks"  WHERE "stocks"."id" = ? LIMIT 1[0m  [["id", 3]]
  [1m[35m (0.1ms)[0m  begin transaction
  [1m[36mSQL (0.2ms)[0m  [1mDELETE FROM "stocks" WHERE "stocks"."id" = ?[0m  [["id", 3]]
  [1m[35m (0.6ms)[0m  commit transaction
Redirected to http://localhost:3000/stocks
Completed 302 Found in 3ms (ActiveRecord: 0.9ms)


Started GET "/stocks" for 127.0.0.1 at 2014-07-24 23:25:20 +0300
Processing by StocksController#index as HTML
  [1m[36mStock Load (0.1ms)[0m  [1mSELECT "stocks".* FROM "stocks"[0m
  Rendered stocks/index.html.erb within layouts/application (1.8ms)
Completed 200 OK in 5ms (Views: 4.9ms | ActiveRecord: 0.1ms)


Started GET "/assets/scaffolds.css?body=1" for 127.0.0.1 at 2014-07-24 23:25:20 +0300


Started GET "/assets/jquery_ujs.js?body=1" for 127.0.0.1 at 2014-07-24 23:25:20 +0300


Started GET "/assets/stocks.css?body=1" for 127.0.0.1 at 2014-07-24 23:25:20 +0300


Started GET "/assets/application.css?body=1" for 127.0.0.1 at 2014-07-24 23:25:20 +0300


Started GET "/assets/turbolinks.js?body=1" for 127.0.0.1 at 2014-07-24 23:25:20 +0300


Started GET "/assets/stocks.js?body=1" for 127.0.0.1 at 2014-07-24 23:25:20 +0300


Started GET "/assets/jquery.js?body=1" for 127.0.0.1 at 2014-07-24 23:25:20 +0300


Started GET "/assets/application.js?body=1" for 127.0.0.1 at 2014-07-24 23:25:20 +0300


Started GET "/stocks" for 127.0.0.1 at 2014-07-24 23:27:14 +0300
Processing by StocksController#index as HTML
Completed 500 Internal Server Error in 2ms

ArgumentError (The provided regular expression is using multiline anchors (^ or $), which may present a security risk. Did you mean to use \A and \z, or forgot to add the :multiline => true option?):
  app/models/stock.rb:5:in `<class:Stock>'
  app/models/stock.rb:1:in `<top (required)>'
  app/controllers/stocks_controller.rb:7:in `index'


  Rendered /Users/burakicel/.rvm/gems/ruby-2.1.1/gems/actionpack-4.1.1/lib/action_dispatch/middleware/templates/rescues/_source.erb (0.8ms)
  Rendered /Users/burakicel/.rvm/gems/ruby-2.1.1/gems/actionpack-4.1.1/lib/action_dispatch/middleware/templates/rescues/_trace.html.erb (1.2ms)
  Rendered /Users/burakicel/.rvm/gems/ruby-2.1.1/gems/actionpack-4.1.1/lib/action_dispatch/middleware/templates/rescues/_request_and_response.html.erb (1.3ms)
  Rendered /Users/burakicel/.rvm/gems/ruby-2.1.1/gems/actionpack-4.1.1/lib/action_dispatch/middleware/templates/rescues/diagnostics.erb within rescues/layout (17.6ms)


Started GET "/stocks" for 127.0.0.1 at 2014-07-24 23:29:10 +0300
Processing by StocksController#index as HTML
Completed 500 Internal Server Error in 2ms

ArgumentError (The provided regular expression is using multiline anchors (^ or $), which may present a security risk. Did you mean to use \A and \z, or forgot to add the :multiline => true option?):
  app/models/stock.rb:5:in `<class:Stock>'
  app/models/stock.rb:1:in `<top (required)>'
  app/controllers/stocks_controller.rb:7:in `index'


  Rendered /Users/burakicel/.rvm/gems/ruby-2.1.1/gems/actionpack-4.1.1/lib/action_dispatch/middleware/templates/rescues/_source.erb (0.6ms)
  Rendered /Users/burakicel/.rvm/gems/ruby-2.1.1/gems/actionpack-4.1.1/lib/action_dispatch/middleware/templates/rescues/_trace.html.erb (1.0ms)
  Rendered /Users/burakicel/.rvm/gems/ruby-2.1.1/gems/actionpack-4.1.1/lib/action_dispatch/middleware/templates/rescues/_request_and_response.html.erb (0.8ms)
  Rendered /Users/burakicel/.rvm/gems/ruby-2.1.1/gems/actionpack-4.1.1/lib/action_dispatch/middleware/templates/rescues/diagnostics.erb within rescues/layout (12.8ms)


Started GET "/stocks" for 127.0.0.1 at 2014-07-24 23:29:30 +0300
Processing by StocksController#index as HTML
Completed 500 Internal Server Error in 2ms

ArgumentError (The provided regular expression is using multiline anchors (^ or $), which may present a security risk. Did you mean to use \A and \z, or forgot to add the :multiline => true option?):
  app/models/stock.rb:5:in `<class:Stock>'
  app/models/stock.rb:1:in `<top (required)>'
  app/controllers/stocks_controller.rb:7:in `index'


  Rendered /Users/burakicel/.rvm/gems/ruby-2.1.1/gems/actionpack-4.1.1/lib/action_dispatch/middleware/templates/rescues/_source.erb (0.5ms)
  Rendered /Users/burakicel/.rvm/gems/ruby-2.1.1/gems/actionpack-4.1.1/lib/action_dispatch/middleware/templates/rescues/_trace.html.erb (10.6ms)
  Rendered /Users/burakicel/.rvm/gems/ruby-2.1.1/gems/actionpack-4.1.1/lib/action_dispatch/middleware/templates/rescues/_request_and_response.html.erb (0.7ms)
  Rendered /Users/burakicel/.rvm/gems/ruby-2.1.1/gems/actionpack-4.1.1/lib/action_dispatch/middleware/templates/rescues/diagnostics.erb within rescues/layout (21.5ms)


Started GET "/stocks" for 127.0.0.1 at 2014-07-24 23:30:09 +0300
Processing by StocksController#index as HTML
Completed 500 Internal Server Error in 2ms

ArgumentError (The provided regular expression is using multiline anchors (^ or $), which may present a security risk. Did you mean to use \A and \z, or forgot to add the :multiline => true option?):
  app/models/stock.rb:5:in `<class:Stock>'
  app/models/stock.rb:1:in `<top (required)>'
  app/controllers/stocks_controller.rb:7:in `index'


  Rendered /Users/burakicel/.rvm/gems/ruby-2.1.1/gems/actionpack-4.1.1/lib/action_dispatch/middleware/templates/rescues/_source.erb (0.5ms)
  Rendered /Users/burakicel/.rvm/gems/ruby-2.1.1/gems/actionpack-4.1.1/lib/action_dispatch/middleware/templates/rescues/_trace.html.erb (1.0ms)
  Rendered /Users/burakicel/.rvm/gems/ruby-2.1.1/gems/actionpack-4.1.1/lib/action_dispatch/middleware/templates/rescues/_request_and_response.html.erb (0.7ms)
  Rendered /Users/burakicel/.rvm/gems/ruby-2.1.1/gems/actionpack-4.1.1/lib/action_dispatch/middleware/templates/rescues/diagnostics.erb within rescues/layout (12.0ms)


Started GET "/stocks" for 127.0.0.1 at 2014-07-24 23:31:11 +0300
Processing by StocksController#index as HTML
Completed 500 Internal Server Error in 2ms

ArgumentError (The provided regular expression is using multiline anchors (^ or $), which may present a security risk. Did you mean to use \A and \z, or forgot to add the :multiline => true option?):
  app/models/stock.rb:5:in `<class:Stock>'
  app/models/stock.rb:1:in `<top (required)>'
  app/controllers/stocks_controller.rb:7:in `index'


  Rendered /Users/burakicel/.rvm/gems/ruby-2.1.1/gems/actionpack-4.1.1/lib/action_dispatch/middleware/templates/rescues/_source.erb (0.7ms)
  Rendered /Users/burakicel/.rvm/gems/ruby-2.1.1/gems/actionpack-4.1.1/lib/action_dispatch/middleware/templates/rescues/_trace.html.erb (0.8ms)
  Rendered /Users/burakicel/.rvm/gems/ruby-2.1.1/gems/actionpack-4.1.1/lib/action_dispatch/middleware/templates/rescues/_request_and_response.html.erb (0.6ms)
  Rendered /Users/burakicel/.rvm/gems/ruby-2.1.1/gems/actionpack-4.1.1/lib/action_dispatch/middleware/templates/rescues/diagnostics.erb within rescues/layout (11.8ms)


Started GET "/stocks" for 127.0.0.1 at 2014-07-24 23:36:03 +0300
Processing by StocksController#index as HTML
  [1m[35mStock Load (0.2ms)[0m  SELECT "stocks".* FROM "stocks"
  Rendered stocks/index.html.erb within layouts/application (4.4ms)
Completed 200 OK in 9ms (Views: 7.3ms | ActiveRecord: 0.4ms)


Started GET "/assets/scaffolds.css?body=1" for 127.0.0.1 at 2014-07-24 23:36:03 +0300


Started GET "/assets/stocks.css?body=1" for 127.0.0.1 at 2014-07-24 23:36:03 +0300


Started GET "/assets/application.css?body=1" for 127.0.0.1 at 2014-07-24 23:36:03 +0300


Started GET "/assets/jquery.js?body=1" for 127.0.0.1 at 2014-07-24 23:36:03 +0300


Started GET "/assets/stocks.js?body=1" for 127.0.0.1 at 2014-07-24 23:36:03 +0300


Started GET "/assets/jquery_ujs.js?body=1" for 127.0.0.1 at 2014-07-24 23:36:03 +0300


Started GET "/assets/application.js?body=1" for 127.0.0.1 at 2014-07-24 23:36:03 +0300


Started GET "/assets/turbolinks.js?body=1" for 127.0.0.1 at 2014-07-24 23:36:03 +0300


Started GET "/stocks/new" for 127.0.0.1 at 2014-07-24 23:36:05 +0300
Processing by StocksController#new as HTML
  Rendered stocks/_form.html.erb (2.7ms)
  Rendered stocks/new.html.erb within layouts/application (3.5ms)
Completed 200 OK in 7ms (Views: 6.7ms | ActiveRecord: 0.0ms)


Started POST "/stocks" for 127.0.0.1 at 2014-07-24 23:36:06 +0300
Processing by StocksController#create as HTML
  Parameters: {"utf8"=>"✓", "authenticity_token"=>"4kEiTOoyuMQ15EiDkz5q5d70kRHAqR+S0fupB4/KHhs=", "stock"=>{"title"=>"", "description"=>"", "image_url"=>"", "price"=>""}, "commit"=>"Create Stock"}
  [1m[36m (0.1ms)[0m  [1mbegin transaction[0m
  [1m[35mStock Exists (0.1ms)[0m  SELECT  1 AS one FROM "stocks"  WHERE "stocks"."title" = '' LIMIT 1
  [1m[36m (0.0ms)[0m  [1mrollback transaction[0m
  Rendered stocks/_form.html.erb (3.9ms)
  Rendered stocks/new.html.erb within layouts/application (4.3ms)
Completed 200 OK in 12ms (Views: 7.2ms | ActiveRecord: 0.2ms)


Started GET "/assets/scaffolds.css?body=1" for 127.0.0.1 at 2014-07-24 23:36:06 +0300


Started GET "/assets/jquery_ujs.js?body=1" for 127.0.0.1 at 2014-07-24 23:36:06 +0300


Started GET "/assets/application.css?body=1" for 127.0.0.1 at 2014-07-24 23:36:06 +0300


Started GET "/assets/turbolinks.js?body=1" for 127.0.0.1 at 2014-07-24 23:36:06 +0300


Started GET "/assets/stocks.css?body=1" for 127.0.0.1 at 2014-07-24 23:36:06 +0300


Started GET "/assets/jquery.js?body=1" for 127.0.0.1 at 2014-07-24 23:36:06 +0300


Started GET "/assets/stocks.js?body=1" for 127.0.0.1 at 2014-07-24 23:36:06 +0300


Started GET "/assets/application.js?body=1" for 127.0.0.1 at 2014-07-24 23:36:06 +0300


Started POST "/stocks" for 127.0.0.1 at 2014-07-24 23:36:12 +0300
Processing by StocksController#create as HTML
  Parameters: {"utf8"=>"✓", "authenticity_token"=>"4kEiTOoyuMQ15EiDkz5q5d70kRHAqR+S0fupB4/KHhs=", "stock"=>{"title"=>"", "description"=>"", "image_url"=>"k", "price"=>""}, "commit"=>"Create Stock"}
  [1m[35m (0.1ms)[0m  begin transaction
  [1m[36mStock Exists (0.1ms)[0m  [1mSELECT  1 AS one FROM "stocks"  WHERE "stocks"."title" = '' LIMIT 1[0m
  [1m[35m (0.0ms)[0m  rollback transaction
  Rendered stocks/_form.html.erb (4.1ms)
  Rendered stocks/new.html.erb within layouts/application (4.8ms)
Completed 200 OK in 11ms (Views: 7.9ms | ActiveRecord: 0.2ms)


Started GET "/assets/scaffolds.css?body=1" for 127.0.0.1 at 2014-07-24 23:36:12 +0300


Started GET "/assets/stocks.css?body=1" for 127.0.0.1 at 2014-07-24 23:36:12 +0300


Started GET "/assets/turbolinks.js?body=1" for 127.0.0.1 at 2014-07-24 23:36:12 +0300


Started GET "/assets/jquery_ujs.js?body=1" for 127.0.0.1 at 2014-07-24 23:36:12 +0300


Started GET "/assets/application.css?body=1" for 127.0.0.1 at 2014-07-24 23:36:12 +0300


Started GET "/assets/jquery.js?body=1" for 127.0.0.1 at 2014-07-24 23:36:12 +0300


Started GET "/assets/stocks.js?body=1" for 127.0.0.1 at 2014-07-24 23:36:12 +0300


Started GET "/assets/application.js?body=1" for 127.0.0.1 at 2014-07-24 23:36:12 +0300


Started POST "/stocks" for 127.0.0.1 at 2014-07-24 23:36:18 +0300
Processing by StocksController#create as HTML
  Parameters: {"utf8"=>"✓", "authenticity_token"=>"4kEiTOoyuMQ15EiDkz5q5d70kRHAqR+S0fupB4/KHhs=", "stock"=>{"title"=>"", "description"=>"", "image_url"=>"k.gif", "price"=>""}, "commit"=>"Create Stock"}
  [1m[36m (0.1ms)[0m  [1mbegin transaction[0m
  [1m[35mStock Exists (0.1ms)[0m  SELECT  1 AS one FROM "stocks"  WHERE "stocks"."title" = '' LIMIT 1
  [1m[36m (0.1ms)[0m  [1mrollback transaction[0m
  Rendered stocks/_form.html.erb (3.6ms)
  Rendered stocks/new.html.erb within layouts/application (4.2ms)
Completed 200 OK in 12ms (Views: 8.6ms | ActiveRecord: 0.2ms)


Started GET "/assets/scaffolds.css?body=1" for 127.0.0.1 at 2014-07-24 23:36:18 +0300


Started GET "/assets/stocks.css?body=1" for 127.0.0.1 at 2014-07-24 23:36:18 +0300


Started GET "/assets/application.css?body=1" for 127.0.0.1 at 2014-07-24 23:36:18 +0300


Started GET "/assets/jquery.js?body=1" for 127.0.0.1 at 2014-07-24 23:36:18 +0300


Started GET "/assets/turbolinks.js?body=1" for 127.0.0.1 at 2014-07-24 23:36:18 +0300


Started GET "/assets/jquery_ujs.js?body=1" for 127.0.0.1 at 2014-07-24 23:36:18 +0300


Started GET "/assets/stocks.js?body=1" for 127.0.0.1 at 2014-07-24 23:36:18 +0300


Started GET "/assets/application.js?body=1" for 127.0.0.1 at 2014-07-24 23:36:18 +0300


Started POST "/stocks" for 127.0.0.1 at 2014-07-24 23:36:22 +0300
Processing by StocksController#create as HTML
  Parameters: {"utf8"=>"✓", "authenticity_token"=>"4kEiTOoyuMQ15EiDkz5q5d70kRHAqR+S0fupB4/KHhs=", "stock"=>{"title"=>"", "description"=>"", "image_url"=>"k.gifs", "price"=>""}, "commit"=>"Create Stock"}
  [1m[35m (0.1ms)[0m  begin transaction
  [1m[36mStock Exists (0.1ms)[0m  [1mSELECT  1 AS one FROM "stocks"  WHERE "stocks"."title" = '' LIMIT 1[0m
  [1m[35m (0.0ms)[0m  rollback transaction
  Rendered stocks/_form.html.erb (7.9ms)
  Rendered stocks/new.html.erb within layouts/application (8.5ms)
Completed 200 OK in 16ms (Views: 12.2ms | ActiveRecord: 0.2ms)


Started GET "/assets/scaffolds.css?body=1" for 127.0.0.1 at 2014-07-24 23:36:22 +0300


Started GET "/assets/turbolinks.js?body=1" for 127.0.0.1 at 2014-07-24 23:36:22 +0300


Started GET "/assets/application.css?body=1" for 127.0.0.1 at 2014-07-24 23:36:22 +0300


Started GET "/assets/jquery_ujs.js?body=1" for 127.0.0.1 at 2014-07-24 23:36:22 +0300


Started GET "/assets/jquery.js?body=1" for 127.0.0.1 at 2014-07-24 23:36:22 +0300


Started GET "/assets/stocks.css?body=1" for 127.0.0.1 at 2014-07-24 23:36:22 +0300


Started GET "/assets/stocks.js?body=1" for 127.0.0.1 at 2014-07-24 23:36:22 +0300


Started GET "/assets/application.js?body=1" for 127.0.0.1 at 2014-07-24 23:36:22 +0300


Started GET "/stocks" for 127.0.0.1 at 2014-07-24 23:36:24 +0300
Processing by StocksController#index as HTML
  [1m[36mStock Load (0.2ms)[0m  [1mSELECT "stocks".* FROM "stocks"[0m
  Rendered stocks/index.html.erb within layouts/application (1.8ms)
Completed 200 OK in 6ms (Views: 5.2ms | ActiveRecord: 0.2ms)


Started GET "/assets/scaffolds.css?body=1" for 127.0.0.1 at 2014-07-24 23:36:24 +0300


Started GET "/assets/application.css?body=1" for 127.0.0.1 at 2014-07-24 23:36:24 +0300


Started GET "/assets/jquery.js?body=1" for 127.0.0.1 at 2014-07-24 23:36:24 +0300


Started GET "/assets/stocks.css?body=1" for 127.0.0.1 at 2014-07-24 23:36:24 +0300


Started GET "/assets/turbolinks.js?body=1" for 127.0.0.1 at 2014-07-24 23:36:24 +0300


Started GET "/assets/stocks.js?body=1" for 127.0.0.1 at 2014-07-24 23:36:24 +0300


Started GET "/assets/jquery_ujs.js?body=1" for 127.0.0.1 at 2014-07-24 23:36:24 +0300


Started GET "/assets/application.js?body=1" for 127.0.0.1 at 2014-07-24 23:36:24 +0300


Started GET "/stocks/2/edit" for 127.0.0.1 at 2014-07-24 23:36:30 +0300
Processing by StocksController#edit as HTML
  Parameters: {"id"=>"2"}
  [1m[35mStock Load (0.1ms)[0m  SELECT  "stocks".* FROM "stocks"  WHERE "stocks"."id" = ? LIMIT 1  [["id", 2]]
  Rendered stocks/_form.html.erb (2.2ms)
  Rendered stocks/edit.html.erb within layouts/application (2.9ms)
Completed 200 OK in 7ms (Views: 5.9ms | ActiveRecord: 0.1ms)


Started PATCH "/stocks/2" for 127.0.0.1 at 2014-07-24 23:36:31 +0300
Processing by StocksController#update as HTML
  Parameters: {"utf8"=>"✓", "authenticity_token"=>"4kEiTOoyuMQ15EiDkz5q5d70kRHAqR+S0fupB4/KHhs=", "stock"=>{"title"=>"OIL", "description"=>"OIL Barrels.", "image_url"=>"oil.jpg", "price"=>"$32.12$32.34"}, "commit"=>"Update Stock", "id"=>"2"}
  [1m[36mStock Load (0.1ms)[0m  [1mSELECT  "stocks".* FROM "stocks"  WHERE "stocks"."id" = ? LIMIT 1[0m  [["id", 2]]
  [1m[35m (0.0ms)[0m  begin transaction
  [1m[36mStock Exists (0.1ms)[0m  [1mSELECT  1 AS one FROM "stocks"  WHERE ("stocks"."title" = 'OIL' AND "stocks"."id" != 2) LIMIT 1[0m
  [1m[35m (0.0ms)[0m  commit transaction
Redirected to http://localhost:3000/stocks/2
Completed 302 Found in 3ms (ActiveRecord: 0.2ms)


Started GET "/stocks/2" for 127.0.0.1 at 2014-07-24 23:36:31 +0300
Processing by StocksController#show as HTML
  Parameters: {"id"=>"2"}
  [1m[36mStock Load (0.1ms)[0m  [1mSELECT  "stocks".* FROM "stocks"  WHERE "stocks"."id" = ? LIMIT 1[0m  [["id", 2]]
  Rendered stocks/show.html.erb within layouts/application (0.3ms)
Completed 200 OK in 4ms (Views: 3.4ms | ActiveRecord: 0.1ms)


Started GET "/assets/scaffolds.css?body=1" for 127.0.0.1 at 2014-07-24 23:36:31 +0300


Started GET "/assets/stocks.css?body=1" for 127.0.0.1 at 2014-07-24 23:36:31 +0300


Started GET "/assets/jquery.js?body=1" for 127.0.0.1 at 2014-07-24 23:36:31 +0300


Started GET "/assets/application.css?body=1" for 127.0.0.1 at 2014-07-24 23:36:31 +0300


Started GET "/assets/jquery_ujs.js?body=1" for 127.0.0.1 at 2014-07-24 23:36:31 +0300


Started GET "/assets/turbolinks.js?body=1" for 127.0.0.1 at 2014-07-24 23:36:31 +0300


Started GET "/assets/stocks.js?body=1" for 127.0.0.1 at 2014-07-24 23:36:31 +0300


Started GET "/assets/application.js?body=1" for 127.0.0.1 at 2014-07-24 23:36:31 +0300


Started GET "/stocks" for 127.0.0.1 at 2014-07-24 23:36:32 +0300
Processing by StocksController#index as HTML
  [1m[35mStock Load (0.1ms)[0m  SELECT "stocks".* FROM "stocks"
  Rendered stocks/index.html.erb within layouts/application (1.6ms)
Completed 200 OK in 5ms (Views: 4.7ms | ActiveRecord: 0.1ms)
